                              1 ;--------------------------------------------------------
                              2 ; File Created by SDCC : free open source ANSI-C Compiler
                              3 ; Version 3.6.8 #9946 (Linux)
                              4 ;--------------------------------------------------------
                              5 	.module derecha_2_lleno
                              6 	.optsdcc -mz80
                              7 	
                              8 ;--------------------------------------------------------
                              9 ; Public variables in this module
                             10 ;--------------------------------------------------------
                             11 	.globl _derecha_2_lleno
                             12 ;--------------------------------------------------------
                             13 ; special function registers
                             14 ;--------------------------------------------------------
                             15 ;--------------------------------------------------------
                             16 ; ram data
                             17 ;--------------------------------------------------------
                             18 	.area _DATA
                             19 ;--------------------------------------------------------
                             20 ; ram data
                             21 ;--------------------------------------------------------
                             22 	.area _INITIALIZED
                             23 ;--------------------------------------------------------
                             24 ; absolute external ram data
                             25 ;--------------------------------------------------------
                             26 	.area _DABS (ABS)
                             27 ;--------------------------------------------------------
                             28 ; global & static initialisations
                             29 ;--------------------------------------------------------
                             30 	.area _HOME
                             31 	.area _GSINIT
                             32 	.area _GSFINAL
                             33 	.area _GSINIT
                             34 ;--------------------------------------------------------
                             35 ; Home
                             36 ;--------------------------------------------------------
                             37 	.area _HOME
                             38 	.area _HOME
                             39 ;--------------------------------------------------------
                             40 ; code
                             41 ;--------------------------------------------------------
                             42 	.area _CODE
                             43 	.area _CODE
   0000                      44 _derecha_2_lleno:
   0000 0F                   45 	.db #0x0f	; 15
   0001 FC                   46 	.db #0xfc	; 252
   0002 00                   47 	.db #0x00	; 0
   0003 00                   48 	.db #0x00	; 0
   0004 0F                   49 	.db #0x0f	; 15
   0005 FC                   50 	.db #0xfc	; 252
   0006 00                   51 	.db #0x00	; 0
   0007 00                   52 	.db #0x00	; 0
   0008 33                   53 	.db #0x33	; 51	'3'
   0009 3C                   54 	.db #0x3c	; 60
   000A 00                   55 	.db #0x00	; 0
   000B 00                   56 	.db #0x00	; 0
   000C 33                   57 	.db #0x33	; 51	'3'
   000D 3C                   58 	.db #0x3c	; 60
   000E 00                   59 	.db #0x00	; 0
   000F 00                   60 	.db #0x00	; 0
   0010 FF                   61 	.db #0xff	; 255
   0011 3C                   62 	.db #0x3c	; 60
   0012 30                   63 	.db #0x30	; 48	'0'
   0013 03                   64 	.db #0x03	; 3
   0014 FF                   65 	.db #0xff	; 255
   0015 3C                   66 	.db #0x3c	; 60
   0016 37                   67 	.db #0x37	; 55	'7'
   0017 FB                   68 	.db #0xfb	; 251
   0018 F0                   69 	.db #0xf0	; 240
   0019 3C                   70 	.db #0x3c	; 60
   001A 36                   71 	.db #0x36	; 54	'6'
   001B 4B                   72 	.db #0x4b	; 75	'K'
   001C F0                   73 	.db #0xf0	; 240
   001D 3C                   74 	.db #0x3c	; 60
   001E 34                   75 	.db #0x34	; 52	'4'
   001F 2B                   76 	.db #0x2b	; 43
   0020 FF                   77 	.db #0xff	; 255
   0021 FC                   78 	.db #0xfc	; 252
   0022 37                   79 	.db #0x37	; 55	'7'
   0023 FB                   80 	.db #0xfb	; 251
   0024 FF                   81 	.db #0xff	; 255
   0025 FC                   82 	.db #0xfc	; 252
   0026 34                   83 	.db #0x34	; 52	'4'
   0027 0B                   84 	.db #0x0b	; 11
   0028 00                   85 	.db #0x00	; 0
   0029 3C                   86 	.db #0x3c	; 60
   002A 37                   87 	.db #0x37	; 55	'7'
   002B FB                   88 	.db #0xfb	; 251
   002C 00                   89 	.db #0x00	; 0
   002D 3C                   90 	.db #0x3c	; 60
   002E 36                   91 	.db #0x36	; 54	'6'
   002F 0B                   92 	.db #0x0b	; 11
   0030 30                   93 	.db #0x30	; 48	'0'
   0031 3C                   94 	.db #0x3c	; 60
   0032 37                   95 	.db #0x37	; 55	'7'
   0033 FB                   96 	.db #0xfb	; 251
   0034 30                   97 	.db #0x30	; 48	'0'
   0035 3C                   98 	.db #0x3c	; 60
   0036 34                   99 	.db #0x34	; 52	'4'
   0037 0B                  100 	.db #0x0b	; 11
   0038 3F                  101 	.db #0x3f	; 63
   0039 FC                  102 	.db #0xfc	; 252
   003A F7                  103 	.db #0xf7	; 247
   003B FB                  104 	.db #0xfb	; 251
   003C 3F                  105 	.db #0x3f	; 63
   003D FC                  106 	.db #0xfc	; 252
   003E F5                  107 	.db #0xf5	; 245
   003F CB                  108 	.db #0xcb	; 203
   0040 3F                  109 	.db #0x3f	; 63
   0041 C3                  110 	.db #0xc3	; 195
   0042 F7                  111 	.db #0xf7	; 247
   0043 FB                  112 	.db #0xfb	; 251
   0044 3F                  113 	.db #0x3f	; 63
   0045 C3                  114 	.db #0xc3	; 195
   0046 F0                  115 	.db #0xf0	; 240
   0047 03                  116 	.db #0x03	; 3
   0048 03                  117 	.db #0x03	; 3
   0049 0F                  118 	.db #0x0f	; 15
   004A 3F                  119 	.db #0x3f	; 63
   004B FF                  120 	.db #0xff	; 255
   004C 03                  121 	.db #0x03	; 3
   004D 0F                  122 	.db #0x0f	; 15
   004E 3F                  123 	.db #0x3f	; 63
   004F FF                  124 	.db #0xff	; 255
   0050 0F                  125 	.db #0x0f	; 15
   0051 F0                  126 	.db #0xf0	; 240
   0052 3F                  127 	.db #0x3f	; 63
   0053 C0                  128 	.db #0xc0	; 192
   0054 0F                  129 	.db #0x0f	; 15
   0055 F0                  130 	.db #0xf0	; 240
   0056 3F                  131 	.db #0x3f	; 63
   0057 C0                  132 	.db #0xc0	; 192
   0058 0F                  133 	.db #0x0f	; 15
   0059 FF                  134 	.db #0xff	; 255
   005A F0                  135 	.db #0xf0	; 240
   005B 00                  136 	.db #0x00	; 0
   005C 0F                  137 	.db #0x0f	; 15
   005D FF                  138 	.db #0xff	; 255
   005E F0                  139 	.db #0xf0	; 240
   005F 00                  140 	.db #0x00	; 0
   0060 03                  141 	.db #0x03	; 3
   0061 F0                  142 	.db #0xf0	; 240
   0062 00                  143 	.db #0x00	; 0
   0063 00                  144 	.db #0x00	; 0
   0064 02                  145 	.db #0x02	; 2
   0065 50                  146 	.db #0x50	; 80	'P'
   0066 00                  147 	.db #0x00	; 0
   0067 00                  148 	.db #0x00	; 0
   0068 03                  149 	.db #0x03	; 3
   0069 FF                  150 	.db #0xff	; 255
   006A C3                  151 	.db #0xc3	; 195
   006B F0                  152 	.db #0xf0	; 240
   006C 03                  153 	.db #0x03	; 3
   006D FF                  154 	.db #0xff	; 255
   006E C3                  155 	.db #0xc3	; 195
   006F F0                  156 	.db #0xf0	; 240
   0070 3F                  157 	.db #0x3f	; 63
   0071 FF                  158 	.db #0xff	; 255
   0072 FF                  159 	.db #0xff	; 255
   0073 F0                  160 	.db #0xf0	; 240
   0074 3F                  161 	.db #0x3f	; 63
   0075 FF                  162 	.db #0xff	; 255
   0076 FF                  163 	.db #0xff	; 255
   0077 F0                  164 	.db #0xf0	; 240
   0078 3F                  165 	.db #0x3f	; 63
   0079 C0                  166 	.db #0xc0	; 192
   007A 3F                  167 	.db #0x3f	; 63
   007B C0                  168 	.db #0xc0	; 192
   007C 3F                  169 	.db #0x3f	; 63
   007D C0                  170 	.db #0xc0	; 192
   007E 3F                  171 	.db #0x3f	; 63
   007F C0                  172 	.db #0xc0	; 192
   0080 FC                  173 	.db #0xfc	; 252
   0081 00                  174 	.db #0x00	; 0
   0082 0F                  175 	.db #0x0f	; 15
   0083 00                  176 	.db #0x00	; 0
   0084 FC                  177 	.db #0xfc	; 252
   0085 00                  178 	.db #0x00	; 0
   0086 0F                  179 	.db #0x0f	; 15
   0087 00                  180 	.db #0x00	; 0
   0088 FF                  181 	.db #0xff	; 255
   0089 00                  182 	.db #0x00	; 0
   008A 00                  183 	.db #0x00	; 0
   008B 00                  184 	.db #0x00	; 0
   008C FF                  185 	.db #0xff	; 255
   008D 00                  186 	.db #0x00	; 0
   008E 00                  187 	.db #0x00	; 0
   008F 00                  188 	.db #0x00	; 0
   0090 3F                  189 	.db #0x3f	; 63
   0091 00                  190 	.db #0x00	; 0
   0092 00                  191 	.db #0x00	; 0
   0093 00                  192 	.db #0x00	; 0
   0094 3F                  193 	.db #0x3f	; 63
   0095 00                  194 	.db #0x00	; 0
   0096 00                  195 	.db #0x00	; 0
   0097 00                  196 	.db #0x00	; 0
   0098 0F                  197 	.db #0x0f	; 15
   0099 00                  198 	.db #0x00	; 0
   009A 00                  199 	.db #0x00	; 0
   009B 00                  200 	.db #0x00	; 0
   009C 0F                  201 	.db #0x0f	; 15
   009D 00                  202 	.db #0x00	; 0
   009E 00                  203 	.db #0x00	; 0
   009F 00                  204 	.db #0x00	; 0
                            205 	.area _INITIALIZER
                            206 	.area _CABS (ABS)
