                              1 ;--------------------------------------------------------
                              2 ; File Created by SDCC : free open source ANSI-C Compiler
                              3 ; Version 3.6.8 #9946 (Linux)
                              4 ;--------------------------------------------------------
                              5 	.module derecha_lleno
                              6 	.optsdcc -mz80
                              7 	
                              8 ;--------------------------------------------------------
                              9 ; Public variables in this module
                             10 ;--------------------------------------------------------
                             11 	.globl _derecha_lleno
                             12 ;--------------------------------------------------------
                             13 ; special function registers
                             14 ;--------------------------------------------------------
                             15 ;--------------------------------------------------------
                             16 ; ram data
                             17 ;--------------------------------------------------------
                             18 	.area _DATA
                             19 ;--------------------------------------------------------
                             20 ; ram data
                             21 ;--------------------------------------------------------
                             22 	.area _INITIALIZED
                             23 ;--------------------------------------------------------
                             24 ; absolute external ram data
                             25 ;--------------------------------------------------------
                             26 	.area _DABS (ABS)
                             27 ;--------------------------------------------------------
                             28 ; global & static initialisations
                             29 ;--------------------------------------------------------
                             30 	.area _HOME
                             31 	.area _GSINIT
                             32 	.area _GSFINAL
                             33 	.area _GSINIT
                             34 ;--------------------------------------------------------
                             35 ; Home
                             36 ;--------------------------------------------------------
                             37 	.area _HOME
                             38 	.area _HOME
                             39 ;--------------------------------------------------------
                             40 ; code
                             41 ;--------------------------------------------------------
                             42 	.area _CODE
                             43 	.area _CODE
   0000                      44 _derecha_lleno:
   0000 3E                   45 	.db #0x3e	; 62
   0001 00                   46 	.db #0x00	; 0
   0002 6E                   47 	.db #0x6e	; 110	'n'
   0003 00                   48 	.db #0x00	; 0
   0004 EA                   49 	.db #0xea	; 234
   0005 5D                   50 	.db #0x5d	; 93
   0006 E6                   51 	.db #0xe6	; 230
   0007 5D                   52 	.db #0x5d	; 93
   0008 FE                   53 	.db #0xfe	; 254
   0009 5D                   54 	.db #0x5d	; 93
   000A C0                   55 	.db #0xc0	; 192
   000B 5D                   56 	.db #0x5d	; 93
   000C C4                   57 	.db #0xc4	; 196
   000D 5D                   58 	.db #0x5d	; 93
   000E 7C                   59 	.db #0x7c	; 124
   000F DD                   60 	.db #0xdd	; 221
   0010 79                   61 	.db #0x79	; 121	'y'
   0011 C1                   62 	.db #0xc1	; 193
   0012 13                   63 	.db #0x13	; 19
   0013 7F                   64 	.db #0x7f	; 127
   0014 3C                   65 	.db #0x3c	; 60
   0015 78                   66 	.db #0x78	; 120	'x'
   0016 3F                   67 	.db #0x3f	; 63
   0017 C0                   68 	.db #0xc0	; 192
   0018 1C                   69 	.db #0x1c	; 28
   0019 00                   70 	.db #0x00	; 0
   001A 1F                   71 	.db #0x1f	; 31
   001B 9C                   72 	.db #0x9c	; 156
   001C 7F                   73 	.db #0x7f	; 127
   001D FC                   74 	.db #0xfc	; 252
   001E 78                   75 	.db #0x78	; 120	'x'
   001F 78                   76 	.db #0x78	; 120	'x'
   0020 E0                   77 	.db #0xe0	; 224
   0021 30                   78 	.db #0x30	; 48	'0'
   0022 F0                   79 	.db #0xf0	; 240
   0023 00                   80 	.db #0x00	; 0
   0024 70                   81 	.db #0x70	; 112	'p'
   0025 00                   82 	.db #0x00	; 0
   0026 30                   83 	.db #0x30	; 48	'0'
   0027 00                   84 	.db #0x00	; 0
                             85 	.area _INITIALIZER
                             86 	.area _CABS (ABS)
