                              1 ;--------------------------------------------------------
                              2 ; File Created by SDCC : free open source ANSI-C Compiler
                              3 ; Version 3.6.8 #9946 (Linux)
                              4 ;--------------------------------------------------------
                              5 	.module izquierda_lleno
                              6 	.optsdcc -mz80
                              7 	
                              8 ;--------------------------------------------------------
                              9 ; Public variables in this module
                             10 ;--------------------------------------------------------
                             11 	.globl _izquierda_lleno
                             12 ;--------------------------------------------------------
                             13 ; special function registers
                             14 ;--------------------------------------------------------
                             15 ;--------------------------------------------------------
                             16 ; ram data
                             17 ;--------------------------------------------------------
                             18 	.area _DATA
                             19 ;--------------------------------------------------------
                             20 ; ram data
                             21 ;--------------------------------------------------------
                             22 	.area _INITIALIZED
                             23 ;--------------------------------------------------------
                             24 ; absolute external ram data
                             25 ;--------------------------------------------------------
                             26 	.area _DABS (ABS)
                             27 ;--------------------------------------------------------
                             28 ; global & static initialisations
                             29 ;--------------------------------------------------------
                             30 	.area _HOME
                             31 	.area _GSINIT
                             32 	.area _GSFINAL
                             33 	.area _GSINIT
                             34 ;--------------------------------------------------------
                             35 ; Home
                             36 ;--------------------------------------------------------
                             37 	.area _HOME
                             38 	.area _HOME
                             39 ;--------------------------------------------------------
                             40 ; code
                             41 ;--------------------------------------------------------
                             42 	.area _CODE
                             43 	.area _CODE
   0000                      44 _izquierda_lleno:
   0000 00                   45 	.db #0x00	; 0
   0001 7C                   46 	.db #0x7c	; 124
   0002 00                   47 	.db #0x00	; 0
   0003 76                   48 	.db #0x76	; 118	'v'
   0004 BA                   49 	.db #0xba	; 186
   0005 57                   50 	.db #0x57	; 87	'W'
   0006 BA                   51 	.db #0xba	; 186
   0007 67                   52 	.db #0x67	; 103	'g'
   0008 BA                   53 	.db #0xba	; 186
   0009 7F                   54 	.db #0x7f	; 127
   000A BA                   55 	.db #0xba	; 186
   000B 03                   56 	.db #0x03	; 3
   000C BA                   57 	.db #0xba	; 186
   000D 23                   58 	.db #0x23	; 35
   000E BB                   59 	.db #0xbb	; 187
   000F 3E                   60 	.db #0x3e	; 62
   0010 83                   61 	.db #0x83	; 131
   0011 9E                   62 	.db #0x9e	; 158
   0012 FE                   63 	.db #0xfe	; 254
   0013 C8                   64 	.db #0xc8	; 200
   0014 1E                   65 	.db #0x1e	; 30
   0015 3C                   66 	.db #0x3c	; 60
   0016 03                   67 	.db #0x03	; 3
   0017 FC                   68 	.db #0xfc	; 252
   0018 00                   69 	.db #0x00	; 0
   0019 38                   70 	.db #0x38	; 56	'8'
   001A 39                   71 	.db #0x39	; 57	'9'
   001B F8                   72 	.db #0xf8	; 248
   001C 3F                   73 	.db #0x3f	; 63
   001D FE                   74 	.db #0xfe	; 254
   001E 1E                   75 	.db #0x1e	; 30
   001F 1E                   76 	.db #0x1e	; 30
   0020 0C                   77 	.db #0x0c	; 12
   0021 07                   78 	.db #0x07	; 7
   0022 00                   79 	.db #0x00	; 0
   0023 0F                   80 	.db #0x0f	; 15
   0024 00                   81 	.db #0x00	; 0
   0025 0E                   82 	.db #0x0e	; 14
   0026 00                   83 	.db #0x00	; 0
   0027 0C                   84 	.db #0x0c	; 12
                             85 	.area _INITIALIZER
                             86 	.area _CABS (ABS)
