                              1 ;--------------------------------------------------------
                              2 ; File Created by SDCC : free open source ANSI-C Compiler
                              3 ; Version 3.6.8 #9946 (Linux)
                              4 ;--------------------------------------------------------
                              5 	.module manzana
                              6 	.optsdcc -mz80
                              7 	
                              8 ;--------------------------------------------------------
                              9 ; Public variables in this module
                             10 ;--------------------------------------------------------
                             11 	.globl _manzana
                             12 ;--------------------------------------------------------
                             13 ; special function registers
                             14 ;--------------------------------------------------------
                             15 ;--------------------------------------------------------
                             16 ; ram data
                             17 ;--------------------------------------------------------
                             18 	.area _DATA
                             19 ;--------------------------------------------------------
                             20 ; ram data
                             21 ;--------------------------------------------------------
                             22 	.area _INITIALIZED
                             23 ;--------------------------------------------------------
                             24 ; absolute external ram data
                             25 ;--------------------------------------------------------
                             26 	.area _DABS (ABS)
                             27 ;--------------------------------------------------------
                             28 ; global & static initialisations
                             29 ;--------------------------------------------------------
                             30 	.area _HOME
                             31 	.area _GSINIT
                             32 	.area _GSFINAL
                             33 	.area _GSINIT
                             34 ;--------------------------------------------------------
                             35 ; Home
                             36 ;--------------------------------------------------------
                             37 	.area _HOME
                             38 	.area _HOME
                             39 ;--------------------------------------------------------
                             40 ; code
                             41 ;--------------------------------------------------------
                             42 	.area _CODE
                             43 	.area _CODE
   0000                      44 _manzana:
   0000 00                   45 	.db #0x00	; 0
   0001 00                   46 	.db #0x00	; 0
   0002 00                   47 	.db #0x00	; 0
   0003 60                   48 	.db #0x60	; 96
   0004 00                   49 	.db #0x00	; 0
   0005 90                   50 	.db #0x90	; 144
   0006 01                   51 	.db #0x01	; 1
   0007 70                   52 	.db #0x70	; 112	'p'
   0008 0F                   53 	.db #0x0f	; 15
   0009 7C                   54 	.db #0x7c	; 124
   000A 10                   55 	.db #0x10	; 16
   000B 42                   56 	.db #0x42	; 66	'B'
   000C 21                   57 	.db #0x21	; 33
   000D 61                   58 	.db #0x61	; 97	'a'
   000E 40                   59 	.db #0x40	; 64
   000F 00                   60 	.db #0x00	; 0
   0010 40                   61 	.db #0x40	; 64
   0011 02                   62 	.db #0x02	; 2
   0012 40                   63 	.db #0x40	; 64
   0013 06                   64 	.db #0x06	; 6
   0014 40                   65 	.db #0x40	; 64
   0015 06                   66 	.db #0x06	; 6
   0016 50                   67 	.db #0x50	; 80	'P'
   0017 06                   68 	.db #0x06	; 6
   0018 40                   69 	.db #0x40	; 64
   0019 0E                   70 	.db #0x0e	; 14
   001A 46                   71 	.db #0x46	; 70	'F'
   001B 7C                   72 	.db #0x7c	; 124
   001C 20                   73 	.db #0x20	; 32
   001D F9                   74 	.db #0xf9	; 249
   001E 10                   75 	.db #0x10	; 16
   001F 02                   76 	.db #0x02	; 2
                             77 	.area _INITIALIZER
                             78 	.area _CABS (ABS)
