                              1 ;--------------------------------------------------------
                              2 ; File Created by SDCC : free open source ANSI-C Compiler
                              3 ; Version 3.6.8 #9946 (Linux)
                              4 ;--------------------------------------------------------
                              5 	.module pera
                              6 	.optsdcc -mz80
                              7 	
                              8 ;--------------------------------------------------------
                              9 ; Public variables in this module
                             10 ;--------------------------------------------------------
                             11 	.globl _pera
                             12 ;--------------------------------------------------------
                             13 ; special function registers
                             14 ;--------------------------------------------------------
                             15 ;--------------------------------------------------------
                             16 ; ram data
                             17 ;--------------------------------------------------------
                             18 	.area _DATA
                             19 ;--------------------------------------------------------
                             20 ; ram data
                             21 ;--------------------------------------------------------
                             22 	.area _INITIALIZED
                             23 ;--------------------------------------------------------
                             24 ; absolute external ram data
                             25 ;--------------------------------------------------------
                             26 	.area _DABS (ABS)
                             27 ;--------------------------------------------------------
                             28 ; global & static initialisations
                             29 ;--------------------------------------------------------
                             30 	.area _HOME
                             31 	.area _GSINIT
                             32 	.area _GSFINAL
                             33 	.area _GSINIT
                             34 ;--------------------------------------------------------
                             35 ; Home
                             36 ;--------------------------------------------------------
                             37 	.area _HOME
                             38 	.area _HOME
                             39 ;--------------------------------------------------------
                             40 ; code
                             41 ;--------------------------------------------------------
                             42 	.area _CODE
                             43 	.area _CODE
   0000                      44 _pera:
   0000 02                   45 	.db #0x02	; 2
   0001 30                   46 	.db #0x30	; 48	'0'
   0002 00                   47 	.db #0x00	; 0
   0003 02                   48 	.db #0x02	; 2
   0004 08                   49 	.db #0x08	; 8
   0005 00                   50 	.db #0x00	; 0
   0006 02                   51 	.db #0x02	; 2
   0007 08                   52 	.db #0x08	; 8
   0008 00                   53 	.db #0x00	; 0
   0009 01                   54 	.db #0x01	; 1
   000A 8F                   55 	.db #0x8f	; 143
   000B 00                   56 	.db #0x00	; 0
   000C 02                   57 	.db #0x02	; 2
   000D 78                   58 	.db #0x78	; 120	'x'
   000E C0                   59 	.db #0xc0	; 192
   000F 02                   60 	.db #0x02	; 2
   0010 78                   61 	.db #0x78	; 120	'x'
   0011 C0                   62 	.db #0xc0	; 192
   0012 0D                   63 	.db #0x0d	; 13
   0013 B0                   64 	.db #0xb0	; 176
   0014 20                   65 	.db #0x20	; 32
   0015 0D                   66 	.db #0x0d	; 13
   0016 C0                   67 	.db #0xc0	; 192
   0017 20                   68 	.db #0x20	; 32
   0018 0D                   69 	.db #0x0d	; 13
   0019 C0                   70 	.db #0xc0	; 192
   001A 20                   71 	.db #0x20	; 32
   001B 0D                   72 	.db #0x0d	; 13
   001C C0                   73 	.db #0xc0	; 192
   001D 20                   74 	.db #0x20	; 32
   001E 0D                   75 	.db #0x0d	; 13
   001F C0                   76 	.db #0xc0	; 192
   0020 18                   77 	.db #0x18	; 24
   0021 0D                   78 	.db #0x0d	; 13
   0022 C0                   79 	.db #0xc0	; 192
   0023 18                   80 	.db #0x18	; 24
   0024 13                   81 	.db #0x13	; 19
   0025 C0                   82 	.db #0xc0	; 192
   0026 04                   83 	.db #0x04	; 4
   0027 6F                   84 	.db #0x6f	; 111	'o'
   0028 80                   85 	.db #0x80	; 128
   0029 03                   86 	.db #0x03	; 3
   002A 6F                   87 	.db #0x6f	; 111	'o'
   002B 80                   88 	.db #0x80	; 128
   002C 03                   89 	.db #0x03	; 3
   002D 6E                   90 	.db #0x6e	; 110	'n'
   002E 00                   91 	.db #0x00	; 0
   002F 03                   92 	.db #0x03	; 3
   0030 6E                   93 	.db #0x6e	; 110	'n'
   0031 00                   94 	.db #0x00	; 0
   0032 03                   95 	.db #0x03	; 3
   0033 6E                   96 	.db #0x6e	; 110	'n'
   0034 00                   97 	.db #0x00	; 0
   0035 03                   98 	.db #0x03	; 3
   0036 6F                   99 	.db #0x6f	; 111	'o'
   0037 80                  100 	.db #0x80	; 128
   0038 1B                  101 	.db #0x1b	; 27
   0039 6F                  102 	.db #0x6f	; 111	'o'
   003A FF                  103 	.db #0xff	; 255
   003B FB                  104 	.db #0xfb	; 251
   003C 6F                  105 	.db #0x6f	; 111	'o'
   003D FF                  106 	.db #0xff	; 255
   003E FB                  107 	.db #0xfb	; 251
   003F 13                  108 	.db #0x13	; 19
   0040 FF                  109 	.db #0xff	; 255
   0041 E4                  110 	.db #0xe4	; 228
   0042 0C                  111 	.db #0x0c	; 12
   0043 00                  112 	.db #0x00	; 0
   0044 18                  113 	.db #0x18	; 24
   0045 0C                  114 	.db #0x0c	; 12
   0046 00                  115 	.db #0x00	; 0
   0047 18                  116 	.db #0x18	; 24
                            117 	.area _INITIALIZER
                            118 	.area _CABS (ABS)
