                              1 ;--------------------------------------------------------
                              2 ; File Created by SDCC : free open source ANSI-C Compiler
                              3 ; Version 3.6.8 #9946 (Linux)
                              4 ;--------------------------------------------------------
                              5 	.module rightpng
                              6 	.optsdcc -mz80
                              7 	
                              8 ;--------------------------------------------------------
                              9 ; Public variables in this module
                             10 ;--------------------------------------------------------
                             11 	.globl _rightpng
                             12 ;--------------------------------------------------------
                             13 ; special function registers
                             14 ;--------------------------------------------------------
                             15 ;--------------------------------------------------------
                             16 ; ram data
                             17 ;--------------------------------------------------------
                             18 	.area _DATA
                             19 ;--------------------------------------------------------
                             20 ; ram data
                             21 ;--------------------------------------------------------
                             22 	.area _INITIALIZED
                             23 ;--------------------------------------------------------
                             24 ; absolute external ram data
                             25 ;--------------------------------------------------------
                             26 	.area _DABS (ABS)
                             27 ;--------------------------------------------------------
                             28 ; global & static initialisations
                             29 ;--------------------------------------------------------
                             30 	.area _HOME
                             31 	.area _GSINIT
                             32 	.area _GSFINAL
                             33 	.area _GSINIT
                             34 ;--------------------------------------------------------
                             35 ; Home
                             36 ;--------------------------------------------------------
                             37 	.area _HOME
                             38 	.area _HOME
                             39 ;--------------------------------------------------------
                             40 ; code
                             41 ;--------------------------------------------------------
                             42 	.area _CODE
                             43 	.area _CODE
   0000                      44 _rightpng:
   0000 0F                   45 	.db #0x0f	; 15
   0001 FC                   46 	.db #0xfc	; 252
   0002 00                   47 	.db #0x00	; 0
   0003 00                   48 	.db #0x00	; 0
   0004 0F                   49 	.db #0x0f	; 15
   0005 FC                   50 	.db #0xfc	; 252
   0006 00                   51 	.db #0x00	; 0
   0007 00                   52 	.db #0x00	; 0
   0008 0F                   53 	.db #0x0f	; 15
   0009 FC                   54 	.db #0xfc	; 252
   000A 00                   55 	.db #0x00	; 0
   000B 00                   56 	.db #0x00	; 0
   000C 3C                   57 	.db #0x3c	; 60
   000D FC                   58 	.db #0xfc	; 252
   000E 00                   59 	.db #0x00	; 0
   000F 00                   60 	.db #0x00	; 0
   0010 3C                   61 	.db #0x3c	; 60
   0011 FC                   62 	.db #0xfc	; 252
   0012 00                   63 	.db #0x00	; 0
   0013 00                   64 	.db #0x00	; 0
   0014 FC                   65 	.db #0xfc	; 252
   0015 CC                   66 	.db #0xcc	; 204
   0016 30                   67 	.db #0x30	; 48	'0'
   0017 03                   68 	.db #0x03	; 3
   0018 FC                   69 	.db #0xfc	; 252
   0019 CC                   70 	.db #0xcc	; 204
   001A 30                   71 	.db #0x30	; 48	'0'
   001B 03                   72 	.db #0x03	; 3
   001C FC                   73 	.db #0xfc	; 252
   001D 3C                   74 	.db #0x3c	; 60
   001E 30                   75 	.db #0x30	; 48	'0'
   001F 03                   76 	.db #0x03	; 3
   0020 FC                   77 	.db #0xfc	; 252
   0021 3C                   78 	.db #0x3c	; 60
   0022 30                   79 	.db #0x30	; 48	'0'
   0023 03                   80 	.db #0x03	; 3
   0024 FF                   81 	.db #0xff	; 255
   0025 FC                   82 	.db #0xfc	; 252
   0026 30                   83 	.db #0x30	; 48	'0'
   0027 03                   84 	.db #0x03	; 3
   0028 FF                   85 	.db #0xff	; 255
   0029 FC                   86 	.db #0xfc	; 252
   002A 30                   87 	.db #0x30	; 48	'0'
   002B 03                   88 	.db #0x03	; 3
   002C F0                   89 	.db #0xf0	; 240
   002D 00                   90 	.db #0x00	; 0
   002E 30                   91 	.db #0x30	; 48	'0'
   002F 03                   92 	.db #0x03	; 3
   0030 F0                   93 	.db #0xf0	; 240
   0031 00                   94 	.db #0x00	; 0
   0032 30                   95 	.db #0x30	; 48	'0'
   0033 03                   96 	.db #0x03	; 3
   0034 F0                   97 	.db #0xf0	; 240
   0035 30                   98 	.db #0x30	; 48	'0'
   0036 30                   99 	.db #0x30	; 48	'0'
   0037 03                  100 	.db #0x03	; 3
   0038 F0                  101 	.db #0xf0	; 240
   0039 30                  102 	.db #0x30	; 48	'0'
   003A 30                  103 	.db #0x30	; 48	'0'
   003B 03                  104 	.db #0x03	; 3
   003C 3F                  105 	.db #0x3f	; 63
   003D F0                  106 	.db #0xf0	; 240
   003E F0                  107 	.db #0xf0	; 240
   003F 03                  108 	.db #0x03	; 3
   0040 3F                  109 	.db #0x3f	; 63
   0041 F0                  110 	.db #0xf0	; 240
   0042 F0                  111 	.db #0xf0	; 240
   0043 03                  112 	.db #0x03	; 3
   0044 3F                  113 	.db #0x3f	; 63
   0045 C3                  114 	.db #0xc3	; 195
   0046 F0                  115 	.db #0xf0	; 240
   0047 03                  116 	.db #0x03	; 3
   0048 3F                  117 	.db #0x3f	; 63
   0049 C3                  118 	.db #0xc3	; 195
   004A F0                  119 	.db #0xf0	; 240
   004B 03                  120 	.db #0x03	; 3
   004C 03                  121 	.db #0x03	; 3
   004D 0F                  122 	.db #0x0f	; 15
   004E 3F                  123 	.db #0x3f	; 63
   004F FF                  124 	.db #0xff	; 255
   0050 03                  125 	.db #0x03	; 3
   0051 0F                  126 	.db #0x0f	; 15
   0052 3F                  127 	.db #0x3f	; 63
   0053 FF                  128 	.db #0xff	; 255
   0054 0F                  129 	.db #0x0f	; 15
   0055 F0                  130 	.db #0xf0	; 240
   0056 3F                  131 	.db #0x3f	; 63
   0057 C0                  132 	.db #0xc0	; 192
   0058 0F                  133 	.db #0x0f	; 15
   0059 F0                  134 	.db #0xf0	; 240
   005A 3F                  135 	.db #0x3f	; 63
   005B C0                  136 	.db #0xc0	; 192
   005C 0F                  137 	.db #0x0f	; 15
   005D FF                  138 	.db #0xff	; 255
   005E F0                  139 	.db #0xf0	; 240
   005F 00                  140 	.db #0x00	; 0
   0060 0F                  141 	.db #0x0f	; 15
   0061 FF                  142 	.db #0xff	; 255
   0062 F0                  143 	.db #0xf0	; 240
   0063 00                  144 	.db #0x00	; 0
   0064 03                  145 	.db #0x03	; 3
   0065 F0                  146 	.db #0xf0	; 240
   0066 00                  147 	.db #0x00	; 0
   0067 00                  148 	.db #0x00	; 0
   0068 03                  149 	.db #0x03	; 3
   0069 F0                  150 	.db #0xf0	; 240
   006A 00                  151 	.db #0x00	; 0
   006B 00                  152 	.db #0x00	; 0
   006C 03                  153 	.db #0x03	; 3
   006D FF                  154 	.db #0xff	; 255
   006E C3                  155 	.db #0xc3	; 195
   006F F0                  156 	.db #0xf0	; 240
   0070 03                  157 	.db #0x03	; 3
   0071 FF                  158 	.db #0xff	; 255
   0072 C3                  159 	.db #0xc3	; 195
   0073 F0                  160 	.db #0xf0	; 240
   0074 3F                  161 	.db #0x3f	; 63
   0075 FF                  162 	.db #0xff	; 255
   0076 FF                  163 	.db #0xff	; 255
   0077 F0                  164 	.db #0xf0	; 240
   0078 3F                  165 	.db #0x3f	; 63
   0079 FF                  166 	.db #0xff	; 255
   007A FF                  167 	.db #0xff	; 255
   007B F0                  168 	.db #0xf0	; 240
   007C 3F                  169 	.db #0x3f	; 63
   007D C0                  170 	.db #0xc0	; 192
   007E 3F                  171 	.db #0x3f	; 63
   007F C0                  172 	.db #0xc0	; 192
   0080 3F                  173 	.db #0x3f	; 63
   0081 C0                  174 	.db #0xc0	; 192
   0082 3F                  175 	.db #0x3f	; 63
   0083 C0                  176 	.db #0xc0	; 192
   0084 FC                  177 	.db #0xfc	; 252
   0085 00                  178 	.db #0x00	; 0
   0086 0F                  179 	.db #0x0f	; 15
   0087 00                  180 	.db #0x00	; 0
   0088 FC                  181 	.db #0xfc	; 252
   0089 00                  182 	.db #0x00	; 0
   008A 0F                  183 	.db #0x0f	; 15
   008B 00                  184 	.db #0x00	; 0
   008C FF                  185 	.db #0xff	; 255
   008D 00                  186 	.db #0x00	; 0
   008E 00                  187 	.db #0x00	; 0
   008F 00                  188 	.db #0x00	; 0
   0090 FF                  189 	.db #0xff	; 255
   0091 00                  190 	.db #0x00	; 0
   0092 00                  191 	.db #0x00	; 0
   0093 00                  192 	.db #0x00	; 0
   0094 3F                  193 	.db #0x3f	; 63
   0095 00                  194 	.db #0x00	; 0
   0096 00                  195 	.db #0x00	; 0
   0097 00                  196 	.db #0x00	; 0
   0098 3F                  197 	.db #0x3f	; 63
   0099 00                  198 	.db #0x00	; 0
   009A 00                  199 	.db #0x00	; 0
   009B 00                  200 	.db #0x00	; 0
   009C 0F                  201 	.db #0x0f	; 15
   009D 00                  202 	.db #0x00	; 0
   009E 00                  203 	.db #0x00	; 0
   009F 00                  204 	.db #0x00	; 0
                            205 	.area _INITIALIZER
                            206 	.area _CABS (ABS)
