                              1 ;--------------------------------------------------------
                              2 ; File Created by SDCC : free open source ANSI-C Compiler
                              3 ; Version 3.6.8 #9946 (Linux)
                              4 ;--------------------------------------------------------
                              5 	.module viga
                              6 	.optsdcc -mz80
                              7 	
                              8 ;--------------------------------------------------------
                              9 ; Public variables in this module
                             10 ;--------------------------------------------------------
                             11 	.globl _viga
                             12 ;--------------------------------------------------------
                             13 ; special function registers
                             14 ;--------------------------------------------------------
                             15 ;--------------------------------------------------------
                             16 ; ram data
                             17 ;--------------------------------------------------------
                             18 	.area _DATA
                             19 ;--------------------------------------------------------
                             20 ; ram data
                             21 ;--------------------------------------------------------
                             22 	.area _INITIALIZED
                             23 ;--------------------------------------------------------
                             24 ; absolute external ram data
                             25 ;--------------------------------------------------------
                             26 	.area _DABS (ABS)
                             27 ;--------------------------------------------------------
                             28 ; global & static initialisations
                             29 ;--------------------------------------------------------
                             30 	.area _HOME
                             31 	.area _GSINIT
                             32 	.area _GSFINAL
                             33 	.area _GSINIT
                             34 ;--------------------------------------------------------
                             35 ; Home
                             36 ;--------------------------------------------------------
                             37 	.area _HOME
                             38 	.area _HOME
                             39 ;--------------------------------------------------------
                             40 ; code
                             41 ;--------------------------------------------------------
                             42 	.area _CODE
                             43 	.area _CODE
   0000                      44 _viga:
   0000 FF                   45 	.db #0xff	; 255
   0001 FF                   46 	.db #0xff	; 255
   0002 FF                   47 	.db #0xff	; 255
   0003 FF                   48 	.db #0xff	; 255
   0004 FF                   49 	.db #0xff	; 255
   0005 FF                   50 	.db #0xff	; 255
   0006 FF                   51 	.db #0xff	; 255
   0007 FF                   52 	.db #0xff	; 255
   0008 F8                   53 	.db #0xf8	; 248
   0009 1F                   54 	.db #0x1f	; 31
   000A F0                   55 	.db #0xf0	; 240
   000B 0F                   56 	.db #0x0f	; 15
   000C F0                   57 	.db #0xf0	; 240
   000D 0F                   58 	.db #0x0f	; 15
   000E F0                   59 	.db #0xf0	; 240
   000F 0F                   60 	.db #0x0f	; 15
   0010 F0                   61 	.db #0xf0	; 240
   0011 0F                   62 	.db #0x0f	; 15
   0012 F0                   63 	.db #0xf0	; 240
   0013 0F                   64 	.db #0x0f	; 15
   0014 F8                   65 	.db #0xf8	; 248
   0015 1F                   66 	.db #0x1f	; 31
   0016 FF                   67 	.db #0xff	; 255
   0017 FF                   68 	.db #0xff	; 255
   0018 FF                   69 	.db #0xff	; 255
   0019 FF                   70 	.db #0xff	; 255
   001A FF                   71 	.db #0xff	; 255
   001B FF                   72 	.db #0xff	; 255
   001C FF                   73 	.db #0xff	; 255
   001D FF                   74 	.db #0xff	; 255
   001E FF                   75 	.db #0xff	; 255
   001F FF                   76 	.db #0xff	; 255
                             77 	.area _INITIALIZER
                             78 	.area _CABS (ABS)
