ASxxxx Assembler V02.00 + NoICE + SDCC mods  (Zilog Z80 / Hitachi HD64180), page 1.
Hexadecimal [16-Bits]



                              1 ;;;
                              2 ;;; File generated by cpct_aks2c CPCtelera script
                              3 ;;; Souce file of this conversion: src/music/KellyOn.sks
                              4 ;;; Generation time: jue 06 jun 2024 21:00:38 CEST
                              5 ;;;
                              6 
                              7 ;;; Set absolute memory addressing
                              8 .area __Demo (ABS)
   6000                       9 .org 0x6000
                             10 
                             11 ;;; Music data start (3545 bytes)
                             12 ;;;
   6000                      13 _Demo::
   6000 41 54 31 30 01 40    14 .db 0x41, 0x54, 0x31, 0x30, 0x01, 0x40, 0x42, 0x0f, 0x02, 0x08, 0xa1, 0x03, 0x30, 0x60, 0x39, 0x60
        42 0F 02 08 A1 03
        30 60 39 60
   6010 40 60 51 60 6C 60    15 .db 0x40, 0x60, 0x51, 0x60, 0x6c, 0x60, 0x73, 0x60, 0xc4, 0x60, 0x15, 0x61, 0x59, 0x61, 0x9d, 0x61
        73 60 C4 60 15 61
        59 61 9D 61
   6020 EE 61 3F 62 5E 62    16 .db 0xee, 0x61, 0x3f, 0x62, 0x5e, 0x62, 0xa3, 0x62, 0xda, 0x62, 0x12, 0x63, 0x4e, 0x63, 0x6d, 0x63
        A3 62 DA 62 12 63
        4E 63 6D 63
   6030 00 00 00 00 00 00    17 .db 0x00, 0x00, 0x00, 0x00, 0x00, 0x00, 0x0d, 0x32, 0x60, 0x01, 0x00, 0x36, 0x01, 0x0d, 0x32, 0x60
        0D 32 60 01 00 36
        01 0D 32 60
   6040 01 00 FE 2D 01 00    18 .db 0x01, 0x00, 0xfe, 0x2d, 0x01, 0x00, 0x0c, 0xfa, 0x23, 0xfe, 0xff, 0xf4, 0x36, 0x25, 0x0d, 0x32
        0C FA 23 FE FF F4
        36 25 0D 32
   6050 60 01 00 7E 26 0C    19 .db 0x60, 0x01, 0x00, 0x7e, 0x26, 0x0c, 0x7c, 0x0a, 0x74, 0x09, 0x74, 0x08, 0x6c, 0x05, 0x6c, 0x04
        7C 0A 74 09 74 08
        6C 05 6C 04
   6060 64 03 5C 02 5C 01    20 .db 0x64, 0x03, 0x5c, 0x02, 0x5c, 0x01, 0x58, 0x01, 0x18, 0x0d, 0x32, 0x60, 0x01, 0x00, 0x05, 0x3a
        58 01 18 0D 32 60
        01 00 05 3A
   6070 0D 6E 60 01 00 7C    21 .db 0x0d, 0x6e, 0x60, 0x01, 0x00, 0x7c, 0x07, 0x7c, 0x0c, 0x7c, 0x0f, 0x78, 0x07, 0x78, 0x0c, 0x78
        07 7C 0C 7C 0F 78
        07 78 0C 78
   6080 0F 74 07 74 0C 74    22 .db 0x0f, 0x74, 0x07, 0x74, 0x0c, 0x74, 0x0f, 0x70, 0x07, 0x70, 0x0c, 0x70, 0x0f, 0x6c, 0x07, 0x6c
        0F 70 07 70 0C 70
        0F 6C 07 6C
   6090 0C 6C 0F 68 07 68    23 .db 0x0c, 0x6c, 0x0f, 0x68, 0x07, 0x68, 0x0c, 0x68, 0x0f, 0x64, 0x07, 0x64, 0x0c, 0x64, 0x0f, 0x60
        0C 68 0F 64 07 64
        0C 64 0F 60
   60A0 07 60 0C 60 0F 5C    24 .db 0x07, 0x60, 0x0c, 0x60, 0x0f, 0x5c, 0x07, 0x5c, 0x0c, 0x58, 0x0f, 0x58, 0x07, 0x54, 0x0c, 0x54
        07 5C 0C 58 0F 58
        07 54 0C 54
   60B0 0F 50 07 50 0C 4C    25 .db 0x0f, 0x50, 0x07, 0x50, 0x0c, 0x4c, 0x0f, 0x4c, 0x07, 0x48, 0x0c, 0x48, 0x0f, 0x44, 0x07, 0x44
        0F 4C 07 48 0C 48
        0F 44 07 44
   60C0 0C 0D 32 60 01 00    26 .db 0x0c, 0x0d, 0x32, 0x60, 0x01, 0x00, 0x7c, 0x03, 0x7c, 0x07, 0x7c, 0x0c, 0x78, 0x03, 0x78, 0x07
        7C 03 7C 07 7C 0C
        78 03 78 07
   60D0 78 0C 74 03 74 07    27 .db 0x78, 0x0c, 0x74, 0x03, 0x74, 0x07, 0x74, 0x0c, 0x70, 0x03, 0x70, 0x07, 0x70, 0x0c, 0x6c, 0x03
        74 0C 70 03 70 07
        70 0C 6C 03
ASxxxx Assembler V02.00 + NoICE + SDCC mods  (Zilog Z80 / Hitachi HD64180), page 2.
Hexadecimal [16-Bits]



   60E0 6C 07 6C 0C 68 03    28 .db 0x6c, 0x07, 0x6c, 0x0c, 0x68, 0x03, 0x68, 0x07, 0x68, 0x0c, 0x64, 0x03, 0x64, 0x07, 0x64, 0x0c
        68 07 68 0C 64 03
        64 07 64 0C
   60F0 60 03 60 07 60 0C    29 .db 0x60, 0x03, 0x60, 0x07, 0x60, 0x0c, 0x5c, 0x03, 0x5c, 0x07, 0x58, 0x0c, 0x58, 0x03, 0x54, 0x07
        5C 03 5C 07 58 0C
        58 03 54 07
   6100 54 0C 50 03 50 07    30 .db 0x54, 0x0c, 0x50, 0x03, 0x50, 0x07, 0x4c, 0x0c, 0x4c, 0x03, 0x48, 0x07, 0x48, 0x0c, 0x44, 0x03
        4C 0C 4C 03 48 07
        48 0C 44 03
   6110 44 07 0D 32 60 01    31 .db 0x44, 0x07, 0x0d, 0x32, 0x60, 0x01, 0x00, 0x3c, 0x7c, 0x03, 0x7c, 0x07, 0x38, 0x78, 0x03, 0x78
        00 3C 7C 03 7C 07
        38 78 03 78
   6120 07 34 74 03 74 07    32 .db 0x07, 0x34, 0x74, 0x03, 0x74, 0x07, 0x30, 0x70, 0x03, 0x70, 0x07, 0x2c, 0x6c, 0x03, 0x6c, 0x07
        30 70 03 70 07 2C
        6C 03 6C 07
   6130 28 68 03 68 07 24    33 .db 0x28, 0x68, 0x03, 0x68, 0x07, 0x24, 0x64, 0x03, 0x64, 0x07, 0x20, 0x60, 0x03, 0x60, 0x07, 0x1c
        64 03 64 07 20 60
        03 60 07 1C
   6140 5C 03 58 07 18 54    34 .db 0x5c, 0x03, 0x58, 0x07, 0x18, 0x54, 0x03, 0x54, 0x07, 0x10, 0x50, 0x03, 0x4c, 0x07, 0x0c, 0x48
        03 54 07 10 50 03
        4C 07 0C 48
   6150 03 48 07 04 44 03    35 .db 0x03, 0x48, 0x07, 0x04, 0x44, 0x03, 0x0d, 0x32, 0x60, 0x01, 0x00, 0x3c, 0x7c, 0x04, 0x7c, 0x07
        0D 32 60 01 00 3C
        7C 04 7C 07
   6160 38 78 04 78 07 34    36 .db 0x38, 0x78, 0x04, 0x78, 0x07, 0x34, 0x74, 0x04, 0x74, 0x07, 0x30, 0x70, 0x04, 0x70, 0x07, 0x2c
        74 04 74 07 30 70
        04 70 07 2C
   6170 6C 04 6C 07 28 68    37 .db 0x6c, 0x04, 0x6c, 0x07, 0x28, 0x68, 0x04, 0x68, 0x07, 0x24, 0x64, 0x04, 0x64, 0x07, 0x20, 0x60
        04 68 07 24 64 04
        64 07 20 60
   6180 04 60 07 1C 5C 04    38 .db 0x04, 0x60, 0x07, 0x1c, 0x5c, 0x04, 0x58, 0x07, 0x18, 0x54, 0x04, 0x54, 0x07, 0x10, 0x50, 0x04
        58 07 18 54 04 54
        07 10 50 04
   6190 4C 07 0C 48 04 48    39 .db 0x4c, 0x07, 0x0c, 0x48, 0x04, 0x48, 0x07, 0x04, 0x44, 0x04, 0x0d, 0x32, 0x60, 0x01, 0x00, 0x7c
        07 04 44 04 0D 32
        60 01 00 7C
   61A0 07 7C 0C 7C 10 78    40 .db 0x07, 0x7c, 0x0c, 0x7c, 0x10, 0x78, 0x07, 0x78, 0x0c, 0x78, 0x10, 0x74, 0x07, 0x74, 0x0c, 0x74
        07 78 0C 78 10 74
        07 74 0C 74
   61B0 10 70 07 70 0C 70    41 .db 0x10, 0x70, 0x07, 0x70, 0x0c, 0x70, 0x10, 0x6c, 0x07, 0x6c, 0x0c, 0x6c, 0x10, 0x68, 0x07, 0x68
        10 6C 07 6C 0C 6C
        10 68 07 68
   61C0 0C 68 10 64 07 64    42 .db 0x0c, 0x68, 0x10, 0x64, 0x07, 0x64, 0x0c, 0x64, 0x10, 0x60, 0x07, 0x60, 0x0c, 0x60, 0x10, 0x5c
        0C 64 10 60 07 60
        0C 60 10 5C
   61D0 07 5C 0C 58 10 58    43 .db 0x07, 0x5c, 0x0c, 0x58, 0x10, 0x58, 0x07, 0x54, 0x0c, 0x54, 0x10, 0x50, 0x07, 0x50, 0x0c, 0x4c
        07 54 0C 54 10 50
        07 50 0C 4C
   61E0 10 4C 07 48 0C 48    44 .db 0x10, 0x4c, 0x07, 0x48, 0x0c, 0x48, 0x10, 0x44, 0x07, 0x44, 0x0c, 0x0d, 0x32, 0x60, 0x01, 0x00
        10 44 07 44 0C 0D
        32 60 01 00
   61F0 7C 07 7C 0C 7C 11    45 .db 0x7c, 0x07, 0x7c, 0x0c, 0x7c, 0x11, 0x78, 0x07, 0x78, 0x0c, 0x78, 0x11, 0x74, 0x07, 0x74, 0x0c
        78 07 78 0C 78 11
        74 07 74 0C
   6200 74 11 70 07 70 0C    46 .db 0x74, 0x11, 0x70, 0x07, 0x70, 0x0c, 0x70, 0x11, 0x6c, 0x07, 0x6c, 0x0c, 0x6c, 0x11, 0x68, 0x07
ASxxxx Assembler V02.00 + NoICE + SDCC mods  (Zilog Z80 / Hitachi HD64180), page 3.
Hexadecimal [16-Bits]



        70 11 6C 07 6C 0C
        6C 11 68 07
   6210 68 0C 68 11 64 07    47 .db 0x68, 0x0c, 0x68, 0x11, 0x64, 0x07, 0x64, 0x0c, 0x64, 0x11, 0x60, 0x07, 0x60, 0x0c, 0x60, 0x11
        64 0C 64 11 60 07
        60 0C 60 11
   6220 5C 07 5C 0C 58 11    48 .db 0x5c, 0x07, 0x5c, 0x0c, 0x58, 0x11, 0x58, 0x07, 0x54, 0x0c, 0x54, 0x11, 0x50, 0x07, 0x50, 0x0c
        58 07 54 0C 54 11
        50 07 50 0C
   6230 4C 11 4C 07 48 0C    49 .db 0x4c, 0x11, 0x4c, 0x07, 0x48, 0x0c, 0x48, 0x11, 0x44, 0x07, 0x44, 0x0c, 0x0d, 0x32, 0x60, 0x01
        48 11 44 07 44 0C
        0D 32 60 01
   6240 00 7E 2B 0C 7A 2A    50 .db 0x00, 0x7e, 0x2b, 0x0c, 0x7a, 0x2a, 0x0d, 0x76, 0x29, 0x10, 0x72, 0x28, 0x09, 0x2e, 0x27, 0x66
        0D 76 29 10 72 28
        09 2E 27 66
   6250 26 09 5E 25 0E 16    51 .db 0x26, 0x09, 0x5e, 0x25, 0x0e, 0x16, 0x24, 0x0e, 0x23, 0x06, 0x22, 0x0d, 0x32, 0x60, 0x01, 0x00
        24 0E 23 06 22 0D
        32 60 01 00
   6260 3C BC FF FF 3C B8    52 .db 0x3c, 0xbc, 0xff, 0xff, 0x3c, 0xb8, 0x01, 0x00, 0x38, 0xb8, 0xff, 0xff, 0x34, 0xb4, 0x01, 0x00
        01 00 38 B8 FF FF
        34 B4 01 00
   6270 30 B0 FF FF 2C AC    53 .db 0x30, 0xb0, 0xff, 0xff, 0x2c, 0xac, 0x01, 0x00, 0x28, 0xa8, 0xff, 0xff, 0x24, 0xa4, 0x01, 0x00
        01 00 28 A8 FF FF
        24 A4 01 00
   6280 20 A0 FF FF 1C 9C    54 .db 0x20, 0xa0, 0xff, 0xff, 0x1c, 0x9c, 0x01, 0x00, 0x18, 0x98, 0xff, 0xff, 0x14, 0x94, 0x01, 0x00
        01 00 18 98 FF FF
        14 94 01 00
   6290 10 90 FF FF 0C 8C    55 .db 0x10, 0x90, 0xff, 0xff, 0x0c, 0x8c, 0x01, 0x00, 0x08, 0x88, 0xff, 0xff, 0x04, 0x84, 0x01, 0x00
        01 00 08 88 FF FF
        04 84 01 00
   62A0 0D 32 60 01 00 76    56 .db 0x0d, 0x32, 0x60, 0x01, 0x00, 0x76, 0x21, 0xf4, 0x7c, 0xf4, 0xfc, 0xff, 0xff, 0xf4, 0x78, 0xf4
        21 F4 7C F4 FC FF
        FF F4 78 F4
   62B0 78 F4 F4 01 00 F4    57 .db 0x78, 0xf4, 0xf4, 0x01, 0x00, 0xf4, 0x74, 0xf4, 0x70, 0xf4, 0xec, 0xff, 0xff, 0xf4, 0x68, 0xf4
        74 F4 70 F4 EC FF
        FF F4 68 F4
   62C0 64 F4 E0 01 00 F4    58 .db 0x64, 0xf4, 0xe0, 0x01, 0x00, 0xf4, 0x60, 0xf4, 0x1c, 0x9c, 0xff, 0xff, 0x18, 0x98, 0x01, 0x00
        60 F4 1C 9C FF FF
        18 98 01 00
   62D0 14 10 8C FF FF 08    59 .db 0x14, 0x10, 0x8c, 0xff, 0xff, 0x08, 0x04, 0x0d, 0x32, 0x60, 0x01, 0x00, 0xbe, 0x21, 0x06, 0x00
        04 0D 32 60 01 00
        BE 21 06 00
   62E0 BC 04 00 B8 02 00    60 .db 0xbc, 0x04, 0x00, 0xb8, 0x02, 0x00, 0xb8, 0x01, 0x00, 0x38, 0x34, 0x34, 0x34, 0xb0, 0xff, 0xff
        B8 01 00 38 34 34
        34 B0 FF FF
   62F0 30 2C 2C A8 01 00    61 .db 0x30, 0x2c, 0x2c, 0xa8, 0x01, 0x00, 0x28, 0x24, 0x24, 0xa0, 0xff, 0xff, 0x20, 0x1c, 0x1c, 0x98
        28 24 24 A0 FF FF
        20 1C 1C 98
   6300 01 00 18 14 14 90    62 .db 0x01, 0x00, 0x18, 0x14, 0x14, 0x90, 0xff, 0xff, 0x10, 0x0c, 0x0c, 0x08, 0x08, 0x04, 0x04, 0x0d
        FF FF 10 0C 0C 08
        08 04 04 0D
   6310 32 60 01 00 7C 0C    63 .db 0x32, 0x60, 0x01, 0x00, 0x7c, 0x0c, 0xbc, 0xff, 0xff, 0xbc, 0xff, 0xff, 0xbc, 0xff, 0xff, 0x38
        BC FF FF BC FF FF
        BC FF FF 38
   6320 38 38 38 34 34 B4    64 .db 0x38, 0x38, 0x38, 0x34, 0x34, 0xb4, 0xff, 0xff, 0xb4, 0xff, 0xff, 0xb0, 0xff, 0xff, 0x30, 0x30
        FF FF B4 FF FF B0
ASxxxx Assembler V02.00 + NoICE + SDCC mods  (Zilog Z80 / Hitachi HD64180), page 4.
Hexadecimal [16-Bits]



        FF FF 30 30
   6330 30 2C 2C 2C A8 FF    65 .db 0x30, 0x2c, 0x2c, 0x2c, 0xa8, 0xff, 0xff, 0xa8, 0xff, 0xff, 0xa8, 0xff, 0xff, 0x24, 0x24, 0x24
        FF A8 FF FF A8 FF
        FF 24 24 24
   6340 24 24 A4 FF FF A4    66 .db 0x24, 0x24, 0xa4, 0xff, 0xff, 0xa4, 0xff, 0xff, 0xa4, 0xff, 0xff, 0x0d, 0x3d, 0x63, 0x01, 0x00
        FF FF A4 FF FF 0D
        3D 63 01 00
   6350 7E 22 F4 BC FF FF    67 .db 0x7e, 0x22, 0xf4, 0xbc, 0xff, 0xff, 0xb8, 0xff, 0xff, 0x34, 0xb0, 0x01, 0x00, 0x2c, 0xa8, 0x01
        B8 FF FF 34 B0 01
        00 2C A8 01
   6360 00 24 20 1C 18 14    68 .db 0x00, 0x24, 0x20, 0x1c, 0x18, 0x14, 0x10, 0x0c, 0x08, 0x04, 0x0d, 0x32, 0x60, 0x01, 0x00, 0x76
        10 0C 08 04 0D 32
        60 01 00 76
   6370 21 FE 78 FF BC 0A    69 .db 0x21, 0xfe, 0x78, 0xff, 0xbc, 0x0a, 0x00, 0xbc, 0x04, 0x00, 0xbc, 0x01, 0x00, 0x38, 0x38, 0x38
        00 BC 04 00 BC 01
        00 38 38 38
   6380 34 34 B4 01 00 34    70 .db 0x34, 0x34, 0xb4, 0x01, 0x00, 0x34, 0xb0, 0xff, 0xff, 0x30, 0xb0, 0x01, 0x00, 0x30, 0xac, 0xff
        B0 FF FF 30 B0 01
        00 30 AC FF
   6390 FF 2C A8 01 00 28    71 .db 0xff, 0x2c, 0xa8, 0x01, 0x00, 0x28, 0xa8, 0xff, 0xff, 0x28, 0xa4, 0xff, 0xff, 0x24, 0x24, 0xa4
        A8 FF FF 28 A4 FF
        FF 24 24 A4
   63A0 FF FF 24 A4 01 00    72 .db 0xff, 0xff, 0x24, 0xa4, 0x01, 0x00, 0x24, 0xa4, 0xff, 0xff, 0x0d, 0x9a, 0x63, 0x2d, 0x00, 0x00
        24 A4 FF FF 0D 9A
        63 2D 00 00
   63B0 00 1A 64 30 48 6D    73 .db 0x00, 0x1a, 0x64, 0x30, 0x48, 0x6d, 0x9c, 0x6c, 0xde, 0x6c, 0x2d, 0x1a, 0x64, 0x30, 0xbd, 0x64
        9C 6C DE 6C 2D 1A
        64 30 BD 64
   63C0 96 6D 1E 64 20 18    74 .db 0x96, 0x6d, 0x1e, 0x64, 0x20, 0x18, 0x64, 0x00, 0x34, 0x68, 0x72, 0x64, 0x3c, 0x65, 0x00, 0xfc
        64 00 34 68 72 64
        3C 65 00 FC
   63D0 64 F4 65 96 65 00    75 .db 0x64, 0xf4, 0x65, 0x96, 0x65, 0x00, 0x34, 0x68, 0x92, 0x66, 0x45, 0x66, 0x00, 0xfc, 0x64, 0x92
        34 68 92 66 45 66
        00 FC 64 92
   63E0 66 E9 66 00 34 68    76 .db 0x66, 0xe9, 0x66, 0x00, 0x34, 0x68, 0xc8, 0x69, 0xe7, 0x67, 0x00, 0xa6, 0x6a, 0x92, 0x66, 0x05
        C8 69 E7 67 00 A6
        6A 92 66 05
   63F0 69 00 34 68 38 67    77 .db 0x69, 0x00, 0x34, 0x68, 0x38, 0x67, 0x66, 0x69, 0x00, 0xfc, 0x64, 0x91, 0x67, 0xb9, 0x68, 0x00
        66 69 00 FC 64 91
        67 B9 68 00
   6400 E8 6A 38 67 75 68    78 .db 0xe8, 0x6a, 0x38, 0x67, 0x75, 0x68, 0x00, 0x60, 0x6a, 0x92, 0x66, 0x22, 0x6a, 0x10, 0x1f, 0x6c
        00 60 6A 92 66 22
        6A 10 1F 6C
   6410 99 6B 2E 6B 40 01    79 .db 0x99, 0x6b, 0x2e, 0x6b, 0x40, 0x01, 0xb3, 0x63, 0x21, 0x00, 0x11, 0x2e, 0x21, 0x00, 0xac, 0xe3
        B3 63 21 00 11 2E
        21 00 AC E3
   6420 00 00 01 AC 69 02    80 .db 0x00, 0x00, 0x01, 0xac, 0x69, 0x02, 0xac, 0x6d, 0x01, 0xac, 0x4b, 0xac, 0x41, 0x94, 0x69, 0x02
        AC 6D 01 AC 4B AC
        41 94 69 02
   6430 AC 6D 01 AC 4B AC    81 .db 0xac, 0x6d, 0x01, 0xac, 0x4b, 0xac, 0x41, 0xac, 0x69, 0x02, 0xac, 0x6d, 0x01, 0xac, 0x4b, 0xac
        41 AC 69 02 AC 6D
        01 AC 4B AC
   6440 41 C4 69 02 AC 6D    82 .db 0x41, 0xc4, 0x69, 0x02, 0xac, 0x6d, 0x01, 0xac, 0x4b, 0xac, 0x41, 0xac, 0x69, 0x02, 0xac, 0x6d
        01 AC 4B AC 41 AC
        69 02 AC 6D
ASxxxx Assembler V02.00 + NoICE + SDCC mods  (Zilog Z80 / Hitachi HD64180), page 5.
Hexadecimal [16-Bits]



   6450 01 AC 4B AC 41 94    83 .db 0x01, 0xac, 0x4b, 0xac, 0x41, 0x94, 0x69, 0x02, 0xac, 0x6d, 0x01, 0xac, 0x4b, 0xa8, 0x41, 0xa8
        69 02 AC 6D 01 AC
        4B A8 41 A8
   6460 69 02 A8 6D 01 A8    84 .db 0x69, 0x02, 0xa8, 0x6d, 0x01, 0xa8, 0x4b, 0x72, 0x67, 0x03, 0xba, 0x69, 0x02, 0x5a, 0x65, 0x03
        4B 72 67 03 BA 69
        02 5A 65 03
   6470 72 43 64 E0 00 00    85 .db 0x72, 0x43, 0x64, 0xe0, 0x00, 0x00, 0x04, 0x3d, 0x4b, 0x55, 0xac, 0x6f, 0x05, 0xac, 0x4b, 0x90
        04 3D 4B 55 AC 6F
        05 AC 4B 90
   6480 60 04 02 AC 6D 06    86 .db 0x60, 0x04, 0x02, 0xac, 0x6d, 0x06, 0x94, 0x60, 0x04, 0xac, 0x71, 0x06, 0x9a, 0x60, 0x04, 0xc4
        94 60 04 AC 71 06
        9A 60 04 C4
   6490 6D 07 C0 6F 08 02    87 .db 0x6d, 0x07, 0xc0, 0x6f, 0x08, 0x02, 0xc4, 0x6d, 0x07, 0x02, 0x9a, 0x60, 0x04, 0x55, 0x51, 0xa2
        C4 6D 07 02 9A 60
        04 55 51 A2
   64A0 6F 05 C0 6D 08 7C    88 .db 0x6f, 0x05, 0xc0, 0x6d, 0x08, 0x7c, 0x60, 0x04, 0xc0, 0x6f, 0x08, 0xa8, 0x6d, 0x09, 0x86, 0x60
        60 04 C0 6F 08 A8
        6D 09 86 60
   64B0 04 A2 6F 05 02 A2    89 .db 0x04, 0xa2, 0x6f, 0x05, 0x02, 0xa2, 0x51, 0xa2, 0x4b, 0x90, 0x60, 0x04, 0x55, 0x42, 0x80, 0x00
        51 A2 4B 90 60 04
        55 42 80 00
   64C0 00 02 AC 69 05 AC    90 .db 0x00, 0x02, 0xac, 0x69, 0x05, 0xac, 0x47, 0xac, 0x43, 0x04, 0xac, 0x65, 0x06, 0x02, 0xac, 0x49
        47 AC 43 04 AC 65
        06 02 AC 49
   64D0 C4 65 07 02 C0 67    91 .db 0xc4, 0x65, 0x07, 0x02, 0xc0, 0x67, 0x08, 0x02, 0xc4, 0x65, 0x07, 0x02, 0xac, 0x60, 0x06, 0x02
        08 02 C4 65 07 02
        AC 60 06 02
   64E0 A2 69 05 A2 47 C0    92 .db 0xa2, 0x69, 0x05, 0xa2, 0x47, 0xc0, 0x65, 0x08, 0x02, 0xc0, 0x47, 0xa8, 0x65, 0x09, 0x02, 0xa2
        65 08 02 C0 47 A8
        65 09 02 A2
   64F0 67 05 02 A2 49 A2    93 .db 0x67, 0x05, 0x02, 0xa2, 0x49, 0xa2, 0x43, 0x02, 0xa2, 0x65, 0x0a, 0x00, 0xac, 0xe3, 0x00, 0x00
        43 02 A2 65 0A 00
        AC E3 00 00
   6500 06 02 AC 69 05 AC    94 .db 0x06, 0x02, 0xac, 0x69, 0x05, 0xac, 0x47, 0xac, 0x43, 0x04, 0xac, 0x65, 0x06, 0x02, 0xac, 0x49
        47 AC 43 04 AC 65
        06 02 AC 49
   6510 C4 65 07 02 C0 67    95 .db 0xc4, 0x65, 0x07, 0x02, 0xc0, 0x67, 0x08, 0x02, 0xc4, 0x65, 0x07, 0x02, 0xac, 0x60, 0x06, 0x02
        08 02 C4 65 07 02
        AC 60 06 02
   6520 A2 69 05 A2 47 C0    96 .db 0xa2, 0x69, 0x05, 0xa2, 0x47, 0xc0, 0x65, 0x08, 0x02, 0xc0, 0x47, 0xa8, 0x65, 0x09, 0x02, 0xa2
        65 08 02 C0 47 A8
        65 09 02 A2
   6530 67 05 02 A2 49 A2    97 .db 0x67, 0x05, 0x02, 0xa2, 0x49, 0xa2, 0x43, 0x02, 0xa2, 0x65, 0x0a, 0x00, 0x64, 0xe1, 0x00, 0x00
        43 02 A2 65 0A 00
        64 E1 00 00
   6540 03 AC 69 02 AC 6D    98 .db 0x03, 0xac, 0x69, 0x02, 0xac, 0x6d, 0x01, 0xac, 0x4b, 0x7c, 0x61, 0x03, 0x94, 0x69, 0x02, 0xac
        01 AC 4B 7C 61 03
        94 69 02 AC
   6550 6D 01 AC 4B 64 61    99 .db 0x6d, 0x01, 0xac, 0x4b, 0x64, 0x61, 0x03, 0xac, 0x69, 0x02, 0xac, 0x6d, 0x01, 0xac, 0x4b, 0x7c
        03 AC 69 02 AC 6D
        01 AC 4B 7C
   6560 61 03 C4 69 02 AC   100 .db 0x61, 0x03, 0xc4, 0x69, 0x02, 0xac, 0x6d, 0x01, 0xac, 0x4b, 0x64, 0x61, 0x03, 0xac, 0x69, 0x02
        6D 01 AC 4B 64 61
        03 AC 69 02
   6570 AC 6D 01 AC 4B 7C   101 .db 0xac, 0x6d, 0x01, 0xac, 0x4b, 0x7c, 0x61, 0x03, 0x94, 0x69, 0x02, 0xac, 0x6d, 0x01, 0xac, 0x4b
ASxxxx Assembler V02.00 + NoICE + SDCC mods  (Zilog Z80 / Hitachi HD64180), page 6.
Hexadecimal [16-Bits]



        61 03 94 69 02 AC
        6D 01 AC 4B
   6580 60 61 03 A8 69 02   102 .db 0x60, 0x61, 0x03, 0xa8, 0x69, 0x02, 0xa8, 0x6d, 0x01, 0xa8, 0x4b, 0x72, 0x61, 0x03, 0xba, 0x69
        A8 6D 01 A8 4B 72
        61 03 BA 69
   6590 02 A2 6D 01 A2 4B   103 .db 0x02, 0xa2, 0x6d, 0x01, 0xa2, 0x4b, 0x64, 0xe1, 0x00, 0x00, 0x03, 0xac, 0x69, 0x02, 0xac, 0x6d
        64 E1 00 00 03 AC
        69 02 AC 6D
   65A0 01 64 65 03 7C 41   104 .db 0x01, 0x64, 0x65, 0x03, 0x7c, 0x41, 0x94, 0x69, 0x02, 0xac, 0x6d, 0x01, 0x7c, 0x63, 0x0b, 0x7c
        94 69 02 AC 6D 01
        7C 63 0B 7C
   65B0 61 03 AC 69 02 64   105 .db 0x61, 0x03, 0xac, 0x69, 0x02, 0x64, 0x63, 0x03, 0xac, 0x6b, 0x01, 0x7c, 0x61, 0x03, 0xc4, 0x69
        63 03 AC 6B 01 7C
        61 03 C4 69
   65C0 02 AC 6D 01 64 67   106 .db 0x02, 0xac, 0x6d, 0x01, 0x64, 0x67, 0x03, 0x64, 0x41, 0xac, 0x69, 0x02, 0xac, 0x6d, 0x01, 0x64
        03 64 41 AC 69 02
        AC 6D 01 64
   65D0 63 03 7C 41 94 69   107 .db 0x63, 0x03, 0x7c, 0x41, 0x94, 0x69, 0x02, 0xac, 0x6d, 0x01, 0x94, 0x65, 0x0b, 0x60, 0x61, 0x03
        02 AC 6D 01 94 65
        0B 60 61 03
   65E0 A8 69 02 78 63 03   108 .db 0xa8, 0x69, 0x02, 0x78, 0x63, 0x03, 0xa8, 0x6d, 0x0b, 0x72, 0x61, 0x03, 0xba, 0x69, 0x02, 0x72
        A8 6D 0B 72 61 03
        BA 69 02 72
   65F0 63 0B 8A 49 64 E0   109 .db 0x63, 0x0b, 0x8a, 0x49, 0x64, 0xe0, 0x00, 0x00, 0x04, 0x3d, 0x4b, 0x55, 0xac, 0x6f, 0x05, 0xac
        00 00 04 3D 4B 55
        AC 6F 05 AC
   6600 4B 90 60 04 02 AC   110 .db 0x4b, 0x90, 0x60, 0x04, 0x02, 0xac, 0x6d, 0x06, 0x94, 0x60, 0x04, 0xac, 0x71, 0x06, 0xa2, 0x60
        6D 06 94 60 04 AC
        71 06 A2 60
   6610 04 C4 6D 07 C0 6F   111 .db 0x04, 0xc4, 0x6d, 0x07, 0xc0, 0x6f, 0x08, 0x02, 0xc4, 0x6d, 0x07, 0x02, 0xa8, 0x60, 0x04, 0x8a
        08 02 C4 6D 07 02
        A8 60 04 8A
   6620 67 0C 9A 60 04 A2   112 .db 0x67, 0x0c, 0x9a, 0x60, 0x04, 0xa2, 0x6f, 0x05, 0x9e, 0x60, 0x04, 0x51, 0xc0, 0x60, 0x08, 0xa8
        6F 05 9E 60 04 51
        C0 60 08 A8
   6630 6D 09 98 60 04 A2   113 .db 0x6d, 0x09, 0x98, 0x60, 0x04, 0xa2, 0x6f, 0x05, 0x9a, 0x60, 0x04, 0xa2, 0x71, 0x05, 0x9e, 0x60
        6F 05 9A 60 04 A2
        71 05 9E 60
   6640 04 55 A2 6D 0A 94   114 .db 0x04, 0x55, 0xa2, 0x6d, 0x0a, 0x94, 0xeb, 0x00, 0x00, 0x0d, 0x02, 0x9a, 0x63, 0x0e, 0x02, 0x94
        EB 00 00 0D 02 9A
        63 0E 02 94
   6650 60 0F 04 90 60 0C   115 .db 0x60, 0x0f, 0x04, 0x90, 0x60, 0x0c, 0x02, 0xac, 0x60, 0x10, 0x02, 0xac, 0x60, 0x0f, 0xac, 0x60
        02 AC 60 10 02 AC
        60 0F AC 60
   6660 10 A8 60 0E AC 60   116 .db 0x10, 0xa8, 0x60, 0x0e, 0xac, 0x60, 0x10, 0x02, 0xa2, 0x60, 0x0e, 0xa8, 0x60, 0x0c, 0xac, 0x60
        10 02 A2 60 0E A8
        60 0C AC 60
   6670 0F B2 60 10 B6 60   117 .db 0x0f, 0xb2, 0x60, 0x10, 0xb6, 0x60, 0x0c, 0x42, 0x80, 0x02, 0x00, 0xba, 0xe0, 0x00, 0x00, 0x11
        0C 42 80 02 00 BA
        E0 00 00 11
   6680 04 B2 60 0C B6 60   118 .db 0x04, 0xb2, 0x60, 0x0c, 0xb6, 0x60, 0x10, 0xac, 0x60, 0x0f, 0x94, 0x61, 0x0d, 0x02, 0x8a, 0x45
        10 AC 60 0F 94 61
        0D 02 8A 45
   6690 8A 43 64 E1 00 00   119 .db 0x8a, 0x43, 0x64, 0xe1, 0x00, 0x00, 0x03, 0x7c, 0x60, 0x04, 0x4b, 0x55, 0x7c, 0x60, 0x03, 0x94
        03 7C 60 04 4B 55
ASxxxx Assembler V02.00 + NoICE + SDCC mods  (Zilog Z80 / Hitachi HD64180), page 7.
Hexadecimal [16-Bits]



        7C 60 03 94
   66A0 69 02 90 60 04 7C   120 .db 0x69, 0x02, 0x90, 0x60, 0x04, 0x7c, 0x63, 0x0b, 0x7c, 0x61, 0x03, 0x94, 0x60, 0x04, 0x64, 0x63
        63 0B 7C 61 03 94
        60 04 64 63
   66B0 03 9A 60 04 7C 61   121 .db 0x03, 0x9a, 0x60, 0x04, 0x7c, 0x61, 0x03, 0xc4, 0x69, 0x02, 0xac, 0x6d, 0x01, 0x64, 0x67, 0x03
        03 C4 69 02 AC 6D
        01 64 67 03
   66C0 64 41 9A 60 04 55   122 .db 0x64, 0x41, 0x9a, 0x60, 0x04, 0x55, 0x51, 0x7c, 0x60, 0x03, 0x94, 0x69, 0x02, 0x7c, 0x60, 0x04
        51 7C 60 03 94 69
        02 7C 60 04
   66D0 94 65 0B 60 61 03   123 .db 0x94, 0x65, 0x0b, 0x60, 0x61, 0x03, 0x86, 0x60, 0x04, 0x78, 0x63, 0x03, 0xa8, 0x6d, 0x0b, 0x72
        86 60 04 78 63 03
        A8 6D 0B 72
   66E0 61 03 BA 69 02 90   124 .db 0x61, 0x03, 0xba, 0x69, 0x02, 0x90, 0x60, 0x04, 0x55, 0x94, 0xeb, 0x00, 0x00, 0x0d, 0x02, 0xb2
        60 04 55 94 EB 00
        00 0D 02 B2
   66F0 63 0E 02 AC 60 0F   125 .db 0x63, 0x0e, 0x02, 0xac, 0x60, 0x0f, 0x04, 0xa8, 0x60, 0x0c, 0x02, 0xc4, 0x60, 0x10, 0x55, 0xba
        04 A8 60 0C 02 C4
        60 10 55 BA
   6700 60 0E B6 60 10 A8   126 .db 0x60, 0x0e, 0xb6, 0x60, 0x10, 0xa8, 0x60, 0x0f, 0x02, 0x42, 0x60, 0x00, 0xba, 0x60, 0x10, 0xba
        60 0F 02 42 60 00
        BA 60 10 BA
   6710 60 0C 42 60 00 BA   127 .db 0x60, 0x0c, 0x42, 0x60, 0x00, 0xba, 0x60, 0x0f, 0xb6, 0x60, 0x10, 0x42, 0x60, 0x00, 0xc4, 0x60
        60 0F B6 60 10 42
        60 00 C4 60
   6720 11 02 CA 60 0F 42   128 .db 0x11, 0x02, 0xca, 0x60, 0x0f, 0x42, 0x60, 0x00, 0xce, 0x60, 0x0c, 0xd2, 0x60, 0x0e, 0xce, 0x60
        60 00 CE 60 0C D2
        60 0E CE 60
   6730 0F 02 C8 60 0E 8A   129 .db 0x0f, 0x02, 0xc8, 0x60, 0x0e, 0x8a, 0x60, 0x0d, 0x64, 0xe1, 0x00, 0x00, 0x03, 0x7c, 0x60, 0x04
        60 0D 64 E1 00 00
        03 7C 60 04
   6740 4B 55 7C 60 03 94   130 .db 0x4b, 0x55, 0x7c, 0x60, 0x03, 0x94, 0x69, 0x02, 0x90, 0x60, 0x04, 0x7c, 0x63, 0x0b, 0x7c, 0x61
        69 02 90 60 04 7C
        63 0B 7C 61
   6750 03 94 60 04 64 63   131 .db 0x03, 0x94, 0x60, 0x04, 0x64, 0x63, 0x03, 0xa2, 0x60, 0x04, 0x7c, 0x61, 0x03, 0xc4, 0x69, 0x02
        03 A2 60 04 7C 61
        03 C4 69 02
   6760 AC 6D 01 64 67 03   132 .db 0xac, 0x6d, 0x01, 0x64, 0x67, 0x03, 0x64, 0x41, 0xa8, 0x60, 0x04, 0xac, 0x6d, 0x01, 0x9a, 0x60
        64 41 A8 60 04 AC
        6D 01 9A 60
   6770 04 7C 61 03 9E 60   133 .db 0x04, 0x7c, 0x61, 0x03, 0x9e, 0x60, 0x04, 0x51, 0x94, 0x65, 0x0b, 0x60, 0x61, 0x03, 0x98, 0x60
        04 51 94 65 0B 60
        61 03 98 60
   6780 04 78 63 03 9A 60   134 .db 0x04, 0x78, 0x63, 0x03, 0x9a, 0x60, 0x04, 0x72, 0x61, 0x03, 0x9e, 0x60, 0x04, 0x55, 0x8a, 0x69
        04 72 61 03 9E 60
        04 55 8A 69
   6790 0B 64 E1 00 00 03   135 .db 0x0b, 0x64, 0xe1, 0x00, 0x00, 0x03, 0x7c, 0x60, 0x04, 0x4b, 0x55, 0x7c, 0x60, 0x03, 0x94, 0x69
        7C 60 04 4B 55 7C
        60 03 94 69
   67A0 02 90 60 04 7C 63   136 .db 0x02, 0x90, 0x60, 0x04, 0x7c, 0x63, 0x0b, 0x7c, 0x61, 0x03, 0x94, 0x60, 0x04, 0x64, 0x63, 0x03
        0B 7C 61 03 94 60
        04 64 63 03
   67B0 9A 60 04 7C 61 03   137 .db 0x9a, 0x60, 0x04, 0x7c, 0x61, 0x03, 0xc4, 0x69, 0x02, 0xac, 0x6d, 0x01, 0x64, 0x67, 0x03, 0x64
        C4 69 02 AC 6D 01
        64 67 03 64
ASxxxx Assembler V02.00 + NoICE + SDCC mods  (Zilog Z80 / Hitachi HD64180), page 8.
Hexadecimal [16-Bits]



   67C0 41 9A 60 04 55 51   138 .db 0x41, 0x9a, 0x60, 0x04, 0x55, 0x51, 0x7c, 0x60, 0x03, 0x94, 0x69, 0x02, 0x7c, 0x60, 0x04, 0x94
        7C 60 03 94 69 02
        7C 60 04 94
   67D0 65 0B 90 61 03 86   139 .db 0x65, 0x0b, 0x90, 0x61, 0x03, 0x86, 0x60, 0x04, 0x78, 0x60, 0x0b, 0xa8, 0x4d, 0x8a, 0x41, 0x7c
        60 04 78 60 0B A8
        4D 8A 41 7C
   67E0 60 04 A2 60 0B 8A   140 .db 0x60, 0x04, 0xa2, 0x60, 0x0b, 0x8a, 0x40, 0xc4, 0xe5, 0x00, 0x00, 0x0c, 0x02, 0xac, 0x63, 0x0e
        40 C4 E5 00 00 0C
        02 AC 63 0E
   67F0 02 B2 60 0C 04 90   141 .db 0x02, 0xb2, 0x60, 0x0c, 0x04, 0x90, 0x60, 0x0f, 0x02, 0xa8, 0x60, 0x10, 0xa8, 0x60, 0x0e, 0xac
        60 0F 02 A8 60 10
        A8 60 0E AC
   6800 60 0C AC 60 11 02   142 .db 0x60, 0x0c, 0xac, 0x60, 0x11, 0x02, 0xdc, 0x60, 0x10, 0x02, 0x8a, 0x60, 0x0f, 0x9e, 0x60, 0x0e
        DC 60 10 02 8A 60
        0F 9E 60 0E
   6810 A2 60 0F A8 60 0C   143 .db 0xa2, 0x60, 0x0f, 0xa8, 0x60, 0x0c, 0xb0, 0x60, 0x0e, 0x02, 0xc4, 0x60, 0x11, 0x02, 0xca, 0x60
        B0 60 0E 02 C4 60
        11 02 CA 60
   6820 0F 42 60 00 CE 60   144 .db 0x0f, 0x42, 0x60, 0x00, 0xce, 0x60, 0x0c, 0xd2, 0x60, 0x0e, 0xce, 0x60, 0x0f, 0x02, 0xc8, 0x60
        0C D2 60 0E CE 60
        0F 02 C8 60
   6830 0E 8A 61 03 AC E3   145 .db 0x0e, 0x8a, 0x61, 0x03, 0xac, 0xe3, 0x00, 0x00, 0x06, 0x02, 0xac, 0x69, 0x05, 0xac, 0x47, 0xac
        00 00 06 02 AC 69
        05 AC 47 AC
   6840 43 04 AC 65 06 02   146 .db 0x43, 0x04, 0xac, 0x65, 0x06, 0x02, 0xac, 0x49, 0xc4, 0x65, 0x07, 0x02, 0xc0, 0x67, 0x08, 0x02
        AC 49 C4 65 07 02
        C0 67 08 02
   6850 C4 65 07 02 CA 67   147 .db 0xc4, 0x65, 0x07, 0x02, 0xca, 0x67, 0x08, 0x02, 0xba, 0x69, 0x07, 0xa2, 0x67, 0x05, 0xc0, 0x65
        08 02 BA 69 07 A2
        67 05 C0 65
   6860 08 02 C0 47 A8 65   148 .db 0x08, 0x02, 0xc0, 0x47, 0xa8, 0x65, 0x09, 0x02, 0xa2, 0x67, 0x05, 0x02, 0xa2, 0x49, 0xa2, 0x43
        09 02 A2 67 05 02
        A2 49 A2 43
   6870 02 A2 65 0A 00 C4   149 .db 0x02, 0xa2, 0x65, 0x0a, 0x00, 0xc4, 0xe9, 0x00, 0x00, 0x0c, 0xa2, 0x41, 0xac, 0x65, 0x0e, 0xb0
        E9 00 00 0C A2 41
        AC 65 0E B0
   6880 61 10 B2 60 0E 02   150 .db 0x61, 0x10, 0xb2, 0x60, 0x0e, 0x02, 0xac, 0x65, 0x0f, 0xa2, 0x63, 0x0e, 0x02, 0xba, 0x41, 0x02
        AC 65 0F A2 63 0E
        02 BA 41 02
   6890 B2 67 0F B0 61 0E   151 .db 0xb2, 0x67, 0x0f, 0xb0, 0x61, 0x0e, 0x02, 0xb2, 0x60, 0x0c, 0x02, 0xb6, 0x60, 0x0f, 0x9e, 0x63
        02 B2 60 0C 02 B6
        60 0F 9E 63
   68A0 0E A8 41 AC 63 10   152 .db 0x0e, 0xa8, 0x41, 0xac, 0x63, 0x10, 0xb0, 0x61, 0x0c, 0x04, 0xb6, 0x65, 0x0e, 0x04, 0xb2, 0x63
        B0 61 0C 04 B6 65
        0E 04 B2 63
   68B0 0C 02 B0 67 0E 02   153 .db 0x0c, 0x02, 0xb0, 0x67, 0x0e, 0x02, 0xb2, 0x41, 0x00, 0xc4, 0xe3, 0x00, 0x00, 0x0c, 0xca, 0x65
        B2 41 00 C4 E3 00
        00 0C CA 65
   68C0 10 AC 67 0F C0 65   154 .db 0x10, 0xac, 0x67, 0x0f, 0xc0, 0x65, 0x10, 0xc4, 0x63, 0x0c, 0xca, 0x60, 0x10, 0xce, 0x65, 0x11
        10 C4 63 0C CA 60
        10 CE 65 11
   68D0 94 67 10 D2 65 0F   155 .db 0x94, 0x67, 0x10, 0xd2, 0x65, 0x0f, 0x04, 0xca, 0x60, 0x10, 0xc4, 0x63, 0x0c, 0xba, 0x65, 0x10
        04 CA 60 10 C4 63
        0C BA 65 10
   68E0 AC 67 0F 94 69 10   156 .db 0xac, 0x67, 0x0f, 0x94, 0x69, 0x10, 0xb6, 0x63, 0x11, 0x04, 0xba, 0x60, 0x0c, 0xb6, 0x65, 0x0e
ASxxxx Assembler V02.00 + NoICE + SDCC mods  (Zilog Z80 / Hitachi HD64180), page 9.
Hexadecimal [16-Bits]



        B6 63 11 04 BA 60
        0C B6 65 0E
   68F0 B2 67 0F AC 65 0C   157 .db 0xb2, 0x67, 0x0f, 0xac, 0x65, 0x0c, 0xa8, 0x63, 0x10, 0xac, 0x61, 0x11, 0x06, 0x94, 0x60, 0x0d
        A8 63 10 AC 61 11
        06 94 60 0D
   6900 02 8A 45 8A 43 C4   158 .db 0x02, 0x8a, 0x45, 0x8a, 0x43, 0xc4, 0xe3, 0x00, 0x00, 0x0c, 0x42, 0x07, 0xac, 0x69, 0x0f, 0x94
        E3 00 00 0C 42 07
        AC 69 0F 94
   6910 6B 10 C4 63 0C BA   159 .db 0x6b, 0x10, 0xc4, 0x63, 0x0c, 0xba, 0x67, 0x10, 0xac, 0x69, 0x0f, 0x94, 0x6b, 0x10, 0xdc, 0x63
        67 10 AC 69 0F 94
        6B 10 DC 63
   6920 0C D2 67 10 C4 69   160 .db 0x0c, 0xd2, 0x67, 0x10, 0xc4, 0x69, 0x0f, 0xac, 0x6b, 0x10, 0xc4, 0x63, 0x0c, 0xba, 0x67, 0x10
        0F AC 6B 10 C4 63
        0C BA 67 10
   6930 AC 69 0F 94 6B 10   161 .db 0xac, 0x69, 0x0f, 0x94, 0x6b, 0x10, 0xc0, 0x63, 0x0c, 0xb6, 0x67, 0x10, 0xa8, 0x69, 0x0f, 0x90
        C0 63 0C B6 67 10
        A8 69 0F 90
   6940 6B 10 C0 63 0C B6   162 .db 0x6b, 0x10, 0xc0, 0x63, 0x0c, 0xb6, 0x67, 0x10, 0xa8, 0x69, 0x0f, 0x90, 0x6b, 0x10, 0xd8, 0x63
        67 10 A8 69 0F 90
        6B 10 D8 63
   6950 0C CE 67 10 C0 69   163 .db 0x0c, 0xce, 0x67, 0x10, 0xc0, 0x69, 0x0f, 0xa8, 0x6b, 0x10, 0xc0, 0x63, 0x0c, 0xb6, 0x67, 0x10
        0F A8 6B 10 C0 63
        0C B6 67 10
   6960 A8 69 0F C2 65 10   164 .db 0xa8, 0x69, 0x0f, 0xc2, 0x65, 0x10, 0xc4, 0xe3, 0x00, 0x00, 0x0c, 0xca, 0x65, 0x10, 0xac, 0x67
        C4 E3 00 00 0C CA
        65 10 AC 67
   6970 0F C0 65 10 C4 63   165 .db 0x0f, 0xc0, 0x65, 0x10, 0xc4, 0x63, 0x0c, 0xca, 0x65, 0x10, 0xce, 0x67, 0x11, 0x94, 0x69, 0x10
        0C CA 65 10 CE 67
        11 94 69 10
   6980 D2 65 0F D2 67 10   166 .db 0xd2, 0x65, 0x0f, 0xd2, 0x67, 0x10, 0xc4, 0x69, 0x0f, 0xca, 0x65, 0x10, 0xc4, 0x63, 0x0c, 0xba
        C4 69 0F CA 65 10
        C4 63 0C BA
   6990 65 10 AC 67 0F 94   167 .db 0x65, 0x10, 0xac, 0x67, 0x0f, 0x94, 0x69, 0x10, 0xc0, 0x63, 0x0c, 0xc4, 0x65, 0x10, 0xa8, 0x67
        69 10 C0 63 0C C4
        65 10 A8 67
   69A0 0F BA 69 10 C0 63   168 .db 0x0f, 0xba, 0x69, 0x10, 0xc0, 0x63, 0x0c, 0xc4, 0x67, 0x10, 0xc8, 0x69, 0x0f, 0x90, 0x6b, 0x10
        0C C4 67 10 C8 69
        0F 90 6B 10
   69B0 CE 65 0F CE 67 10   169 .db 0xce, 0x65, 0x0f, 0xce, 0x67, 0x10, 0xc0, 0x69, 0x0f, 0xa8, 0x6b, 0x10, 0xc0, 0x63, 0x0c, 0xb6
        C0 69 0F A8 6B 10
        C0 63 0C B6
   69C0 67 10 A8 60 0F C2   170 .db 0x67, 0x10, 0xa8, 0x60, 0x0f, 0xc2, 0x65, 0x10, 0x64, 0xe1, 0x00, 0x00, 0x03, 0x7c, 0x60, 0x04
        65 10 64 E1 00 00
        03 7C 60 04
   69D0 4B 55 7C 60 03 94   171 .db 0x4b, 0x55, 0x7c, 0x60, 0x03, 0x94, 0x69, 0x02, 0x90, 0x60, 0x04, 0x7c, 0x63, 0x0b, 0x7c, 0x61
        69 02 90 60 04 7C
        63 0B 7C 61
   69E0 03 94 60 04 64 63   172 .db 0x03, 0x94, 0x60, 0x04, 0x64, 0x63, 0x03, 0xa2, 0x60, 0x04, 0x7c, 0x61, 0x03, 0xc4, 0x69, 0x02
        03 A2 60 04 7C 61
        03 C4 69 02
   69F0 AC 6D 01 64 67 03   173 .db 0xac, 0x6d, 0x01, 0x64, 0x67, 0x03, 0x64, 0x41, 0xa8, 0x60, 0x04, 0xac, 0x6d, 0x01, 0x9a, 0x60
        64 41 A8 60 04 AC
        6D 01 9A 60
   6A00 04 7C 61 03 9E 60   174 .db 0x04, 0x7c, 0x61, 0x03, 0x9e, 0x60, 0x04, 0x51, 0x94, 0x65, 0x0b, 0x90, 0x61, 0x03, 0x98, 0x60
        04 51 94 65 0B 90
ASxxxx Assembler V02.00 + NoICE + SDCC mods  (Zilog Z80 / Hitachi HD64180), page 10.
Hexadecimal [16-Bits]



        61 03 98 60
   6A10 04 78 60 0B 9A 60   175 .db 0x04, 0x78, 0x60, 0x0b, 0x9a, 0x60, 0x04, 0x8a, 0x60, 0x0b, 0x9e, 0x60, 0x04, 0xa2, 0x60, 0x0b
        04 8A 60 0B 9E 60
        04 A2 60 0B
   6A20 8A 40 AC E5 00 00   176 .db 0x8a, 0x40, 0xac, 0xe5, 0x00, 0x00, 0x0c, 0x02, 0xb2, 0x67, 0x0d, 0xba, 0x49, 0xca, 0x4b, 0xc8
        0C 02 B2 67 0D BA
        49 CA 4B C8
   6A30 49 C4 47 CA 49 02   177 .db 0x49, 0xc4, 0x47, 0xca, 0x49, 0x02, 0xca, 0x47, 0xc8, 0x49, 0xc4, 0x4b, 0xca, 0x49, 0xc8, 0x47
        CA 47 C8 49 C4 4B
        CA 49 C8 47
   6A40 C4 49 D2 47 02 CE   178 .db 0xc4, 0x49, 0xd2, 0x47, 0x02, 0xce, 0x49, 0xd2, 0x4b, 0xd8, 0x47, 0xce, 0x49, 0x02, 0xd8, 0x4b
        49 D2 4B D8 47 CE
        49 02 D8 4B
   6A50 E0 47 02 CE 49 D2   179 .db 0xe0, 0x47, 0x02, 0xce, 0x49, 0xd2, 0x47, 0xd8, 0x49, 0xd2, 0x4b, 0xce, 0x49, 0xd8, 0x47, 0x00
        47 D8 49 D2 4B CE
        49 D8 47 00
   6A60 AC E3 00 00 06 02   180 .db 0xac, 0xe3, 0x00, 0x00, 0x06, 0x02, 0xac, 0x6b, 0x07, 0x94, 0x6f, 0x05, 0xc4, 0x63, 0x07, 0x04
        AC 6B 07 94 6F 05
        C4 63 07 04
   6A70 AC 65 06 02 AC 49   181 .db 0xac, 0x65, 0x06, 0x02, 0xac, 0x49, 0xc4, 0x65, 0x07, 0x02, 0xca, 0x67, 0x08, 0x02, 0xc4, 0x65
        C4 65 07 02 CA 67
        08 02 C4 65
   6A80 07 BA 4B 02 AC 60   182 .db 0x07, 0xba, 0x4b, 0x02, 0xac, 0x60, 0x06, 0xac, 0x69, 0x05, 0xc0, 0x67, 0x08, 0xba, 0x65, 0x06
        06 AC 69 05 C0 67
        08 BA 65 06
   6A90 02 BA 4B C0 67 08   183 .db 0x02, 0xba, 0x4b, 0xc0, 0x67, 0x08, 0x02, 0xc0, 0x4d, 0xa8, 0x69, 0x09, 0x02, 0xa2, 0x67, 0x05
        02 C0 4D A8 69 09
        02 A2 67 05
   6AA0 02 A2 49 BA 65 07   184 .db 0x02, 0xa2, 0x49, 0xba, 0x65, 0x07, 0xac, 0xe3, 0x00, 0x00, 0x06, 0xba, 0x65, 0x10, 0xac, 0x69
        AC E3 00 00 06 BA
        65 10 AC 69
   6AB0 05 AC 47 AC 43 04   185 .db 0x05, 0xac, 0x47, 0xac, 0x43, 0x04, 0xac, 0x65, 0x06, 0x02, 0xac, 0x49, 0xc4, 0x65, 0x07, 0x02
        AC 65 06 02 AC 49
        C4 65 07 02
   6AC0 C0 67 08 02 C4 65   186 .db 0xc0, 0x67, 0x08, 0x02, 0xc4, 0x65, 0x07, 0x02, 0xac, 0x60, 0x06, 0x02, 0xa2, 0x69, 0x05, 0xa2
        07 02 AC 60 06 02
        A2 69 05 A2
   6AD0 47 C0 65 08 02 C0   187 .db 0x47, 0xc0, 0x65, 0x08, 0x02, 0xc0, 0x47, 0xa8, 0x65, 0x09, 0x02, 0xa2, 0x67, 0x05, 0x02, 0xa2
        47 A8 65 09 02 A2
        67 05 02 A2
   6AE0 49 A2 43 02 A2 65   188 .db 0x49, 0xa2, 0x43, 0x02, 0xa2, 0x65, 0x0a, 0x00, 0xac, 0xe3, 0x00, 0x00, 0x06, 0x02, 0xac, 0x6b
        0A 00 AC E3 00 00
        06 02 AC 6B
   6AF0 07 94 6F 05 C4 63   189 .db 0x07, 0x94, 0x6f, 0x05, 0xc4, 0x63, 0x07, 0x04, 0xac, 0x65, 0x06, 0x02, 0xac, 0x49, 0xc4, 0x65
        07 04 AC 65 06 02
        AC 49 C4 65
   6B00 07 02 CA 67 08 02   190 .db 0x07, 0x02, 0xca, 0x67, 0x08, 0x02, 0xc4, 0x65, 0x07, 0xba, 0x4b, 0x02, 0xac, 0x60, 0x06, 0xac
        C4 65 07 BA 4B 02
        AC 60 06 AC
   6B10 69 05 C0 67 08 BA   191 .db 0x69, 0x05, 0xc0, 0x67, 0x08, 0xba, 0x65, 0x06, 0x02, 0xba, 0x4b, 0xc0, 0x67, 0x08, 0x02, 0xc0
        65 06 02 BA 4B C0
        67 08 02 C0
   6B20 4D A8 69 09 02 A2   192 .db 0x4d, 0xa8, 0x69, 0x09, 0x02, 0xa2, 0x67, 0x05, 0x02, 0xa2, 0x49, 0xba, 0x65, 0x07, 0xe2, 0xe9
        67 05 02 A2 49 BA
        65 07 E2 E9
ASxxxx Assembler V02.00 + NoICE + SDCC mods  (Zilog Z80 / Hitachi HD64180), page 11.
Hexadecimal [16-Bits]



   6B30 00 00 0D E0 47 DC   193 .db 0x00, 0x00, 0x0d, 0xe0, 0x47, 0xdc, 0x49, 0xd2, 0x4b, 0xe2, 0x45, 0xe0, 0x47, 0xdc, 0x49, 0xe6
        49 D2 4B E2 45 E0
        47 DC 49 E6
   6B40 4B 02 CA 47 C8 49   194 .db 0x4b, 0x02, 0xca, 0x47, 0xc8, 0x49, 0xc4, 0x4b, 0xca, 0x40, 0xc8, 0x49, 0xc4, 0x4b, 0xd2, 0x49
        C4 4B CA 40 C8 49
        C4 4B D2 49
   6B50 02 CE 4B D2 4D D8   195 .db 0x02, 0xce, 0x4b, 0xd2, 0x4d, 0xd8, 0x49, 0xce, 0x4b, 0x02, 0xd8, 0x4d, 0xe0, 0x49, 0x02, 0xce
        49 CE 4B 02 D8 4D
        E0 49 02 CE
   6B60 4B D2 49 D8 4B D2   196 .db 0x4b, 0xd2, 0x49, 0xd8, 0x4b, 0xd2, 0x4d, 0xce, 0x4b, 0xd8, 0x49, 0xe0, 0x4d, 0xe2, 0x47, 0xe0
        4D CE 4B D8 49 E0
        4D E2 47 E0
   6B70 49 DC 4B D2 4D E2   197 .db 0x49, 0xdc, 0x4b, 0xd2, 0x4d, 0xe2, 0x4b, 0xe0, 0x4d, 0xdc, 0x4f, 0xd2, 0x51, 0xe2, 0x4f, 0xe0
        4B E0 4D DC 4F D2
        51 E2 4F E0
   6B80 51 DC 53 D2 55 E2   198 .db 0x51, 0xdc, 0x53, 0xd2, 0x55, 0xe2, 0x53, 0xe0, 0x55, 0xdc, 0x57, 0xd2, 0x59, 0xe2, 0x57, 0xe0
        53 E0 55 DC 57 D2
        59 E2 57 E0
   6B90 59 DC 5B D2 5D 42   199 .db 0x59, 0xdc, 0x5b, 0xd2, 0x5d, 0x42, 0x60, 0x00, 0x00, 0x64, 0xe1, 0x00, 0x00, 0x03, 0x7c, 0x60
        60 00 00 64 E1 00
        00 03 7C 60
   6BA0 04 4B 55 7C 63 03   200 .db 0x04, 0x4b, 0x55, 0x7c, 0x63, 0x03, 0x94, 0x6b, 0x02, 0xac, 0x6d, 0x01, 0x7c, 0x67, 0x0b, 0x7c
        94 6B 02 AC 6D 01
        7C 67 0B 7C
   6BB0 60 03 AC 6F 02 64   201 .db 0x60, 0x03, 0xac, 0x6f, 0x02, 0x64, 0x6b, 0x03, 0xac, 0x73, 0x01, 0x7c, 0x6b, 0x03, 0xc4, 0x73
        6B 03 AC 73 01 7C
        6B 03 C4 73
   6BC0 02 C8 71 0D 64 73   202 .db 0x02, 0xc8, 0x71, 0x0d, 0x64, 0x73, 0x03, 0x64, 0x4f, 0xac, 0x77, 0x02, 0xce, 0x71, 0x0d, 0x64
        03 64 4F AC 77 02
        CE 71 0D 64
   6BD0 73 03 7C 40 CE 71   203 .db 0x73, 0x03, 0x7c, 0x40, 0xce, 0x71, 0x0d, 0x94, 0x79, 0x0b, 0xd8, 0x75, 0x0d, 0x60, 0x77, 0x03
        0D 94 79 0B D8 75
        0D 60 77 03
   6BE0 A8 7D 02 CE 71 0D   204 .db 0xa8, 0x7d, 0x02, 0xce, 0x71, 0x0d, 0xa8, 0x7d, 0x0b, 0xd8, 0x73, 0x0d, 0x72, 0x7d, 0x0b, 0xce
        A8 7D 0B D8 73 0D
        72 7D 0B CE
   6BF0 73 0D D8 51 D8 57   205 .db 0x73, 0x0d, 0xd8, 0x51, 0xd8, 0x57, 0xe0, 0x59, 0xe2, 0x53, 0xe0, 0x55, 0xdc, 0x57, 0xd2, 0x59
        E0 59 E2 53 E0 55
        DC 57 D2 59
   6C00 E2 57 E0 59 DC 5B   206 .db 0xe2, 0x57, 0xe0, 0x59, 0xdc, 0x5b, 0xd2, 0x5d, 0xe2, 0x59, 0xe0, 0x5b, 0xdc, 0x5d, 0xd2, 0x5b
        D2 5D E2 59 E0 5B
        DC 5D D2 5B
   6C10 E2 5D 42 60 00 42   207 .db 0xe2, 0x5d, 0x42, 0x60, 0x00, 0x42, 0x60, 0x00, 0xd2, 0x60, 0x0d, 0x42, 0x60, 0x00, 0x00, 0xac
        60 00 D2 60 0D 42
        60 00 00 AC
   6C20 E3 00 00 06 02 AC   208 .db 0xe3, 0x00, 0x00, 0x06, 0x02, 0xac, 0x6b, 0x07, 0x94, 0x71, 0x05, 0xc4, 0x65, 0x07, 0x04, 0xac
        6B 07 94 71 05 C4
        65 07 04 AC
   6C30 69 06 02 AC 4D C4   209 .db 0x69, 0x06, 0x02, 0xac, 0x4d, 0xc4, 0x6b, 0x07, 0x02, 0xca, 0x6d, 0x08, 0x02, 0xc4, 0x60, 0x07
        6B 07 02 CA 6D 08
        02 C4 60 07
   6C40 BA 53 D2 6F 0D AC   210 .db 0xba, 0x53, 0xd2, 0x6f, 0x0d, 0xac, 0x75, 0x06, 0xac, 0x73, 0x05, 0xc0, 0x60, 0x08, 0xba, 0x71
        75 06 AC 73 05 C0
        60 08 BA 71
   6C50 06 02 BA 55 C0 77   211 .db 0x06, 0x02, 0xba, 0x55, 0xc0, 0x77, 0x08, 0xe0, 0x6f, 0x0d, 0xc0, 0x77, 0x08, 0xa8, 0x79, 0x09
ASxxxx Assembler V02.00 + NoICE + SDCC mods  (Zilog Z80 / Hitachi HD64180), page 12.
Hexadecimal [16-Bits]



        08 E0 6F 0D C0 77
        08 A8 79 09
   6C60 D2 71 0D A2 79 05   212 .db 0xd2, 0x71, 0x0d, 0xa2, 0x79, 0x05, 0xd2, 0x75, 0x0d, 0xa2, 0x7b, 0x05, 0xba, 0x7d, 0x07, 0xe0
        D2 75 0D A2 7B 05
        BA 7D 07 E0
   6C70 75 0D E2 4D E0 4F   213 .db 0x75, 0x0d, 0xe2, 0x4d, 0xe0, 0x4f, 0xdc, 0x51, 0xd2, 0x53, 0xe2, 0x51, 0xe0, 0x53, 0xdc, 0x55
        DC 51 D2 53 E2 51
        E0 53 DC 55
   6C80 D2 57 E2 4F E0 55   214 .db 0xd2, 0x57, 0xe2, 0x4f, 0xe0, 0x55, 0xdc, 0x57, 0xd2, 0x59, 0xe2, 0x5b, 0xe0, 0x57, 0xdc, 0x59
        DC 57 D2 59 E2 5B
        E0 57 DC 59
   6C90 D2 5B E2 5D E0 5B   215 .db 0xd2, 0x5b, 0xe2, 0x5d, 0xe0, 0x5b, 0xdc, 0x5d, 0x42, 0x60, 0x00, 0x00, 0x72, 0xe0, 0x00, 0x00
        DC 5D 42 60 00 00
        72 E0 00 00
   6CA0 04 2F 33 39 33 39   216 .db 0x04, 0x2f, 0x33, 0x39, 0x33, 0x39, 0x3d, 0x39, 0x3d, 0x43, 0x3d, 0x43, 0x47, 0x43, 0x47, 0x4b
        3D 39 3D 43 3D 43
        47 43 47 4B
   6CB0 47 4B 51 4B 51 92   217 .db 0x47, 0x4b, 0x51, 0x4b, 0x51, 0x92, 0xc0, 0xf8, 0xff, 0x42, 0x80, 0xf0, 0xff, 0x94, 0xc0, 0x00
        C0 F8 FF 42 80 F0
        FF 94 C0 00
   6CC0 00 0C 3D 51 04 33   218 .db 0x00, 0x0c, 0x3d, 0x51, 0x04, 0x33, 0x55, 0x02, 0x94, 0x6b, 0x0c, 0xac, 0x6d, 0x01, 0x94, 0x75
        55 02 94 6B 0C AC
        6D 01 94 75
   6CD0 02 AC 79 01 AC 57   219 .db 0x02, 0xac, 0x79, 0x01, 0xac, 0x57, 0xac, 0x4d, 0xac, 0x75, 0x02, 0xac, 0x79, 0x01, 0x42, 0x80
        AC 4D AC 75 02 AC
        79 01 42 80
   6CE0 00 00 02 7C 7B 01   220 .db 0x00, 0x00, 0x02, 0x7c, 0x7b, 0x01, 0x7c, 0x57, 0x7c, 0x53, 0x7c, 0x51, 0x7c, 0x4f, 0x3d, 0x7c
        7C 57 7C 53 7C 51
        7C 4F 3D 7C
   6CF0 6D 02 7C 60 01 3D   221 .db 0x6d, 0x02, 0x7c, 0x60, 0x01, 0x3d, 0x3d, 0x7a, 0x4b, 0x39, 0x76, 0x49, 0x35, 0x72, 0x60, 0x02
        3D 7A 4B 39 76 49
        35 72 60 02
   6D00 70 60 01 6E 47 2D   222 .db 0x70, 0x60, 0x01, 0x6e, 0x47, 0x2d, 0x6a, 0x45, 0x29, 0x66, 0x43, 0x64, 0x41, 0x7c, 0x69, 0x02
        6A 45 29 66 43 64
        41 7C 69 02
   6D10 94 6B 0C C4 6D 07   223 .db 0x94, 0x6b, 0x0c, 0xc4, 0x6d, 0x07, 0x90, 0x6b, 0x0c, 0xac, 0x6d, 0x05, 0x94, 0x6b, 0x0c, 0xa8
        90 6B 0C AC 6D 05
        94 6B 0C A8
   6D20 6D 08 9A 6B 0C A8   224 .db 0x6d, 0x08, 0x9a, 0x6b, 0x0c, 0xa8, 0x6d, 0x08, 0xa8, 0x4b, 0x90, 0x6d, 0x0c, 0x9e, 0x6b, 0x09
        6D 08 A8 4B 90 6D
        0C 9E 6B 09
   6D30 AC 6D 07 AC 63 01   225 .db 0xac, 0x6d, 0x07, 0xac, 0x63, 0x01, 0x94, 0x69, 0x02, 0xac, 0x6d, 0x01, 0xac, 0x4b, 0xac, 0x41
        94 69 02 AC 6D 01
        AC 4B AC 41
   6D40 AC 69 02 AC 6D 01   226 .db 0xac, 0x69, 0x02, 0xac, 0x6d, 0x01, 0xac, 0x4b, 0x42, 0x80, 0x00, 0x00, 0x72, 0x7b, 0x0c, 0x6e
        AC 4B 42 80 00 00
        72 7B 0C 6E
   6D50 59 72 57 78 53 72   227 .db 0x59, 0x72, 0x57, 0x78, 0x53, 0x72, 0x51, 0x78, 0x4f, 0x3d, 0x78, 0x4d, 0x3d, 0x82, 0x4b, 0x3d
        51 78 4F 3D 78 4D
        3D 82 4B 3D
   6D60 43 86 49 43 47 8A   228 .db 0x43, 0x86, 0x49, 0x43, 0x47, 0x8a, 0x47, 0x47, 0x4b, 0x90, 0x45, 0x4b, 0x51, 0x94, 0x43, 0x02
        47 47 4B 90 45 4B
        51 94 43 02
   6D70 94 40 C4 65 07 90   229 .db 0x94, 0x40, 0xc4, 0x65, 0x07, 0x90, 0x63, 0x0c, 0xac, 0x65, 0x05, 0x94, 0x63, 0x0c, 0xa8, 0x65
        63 0C AC 65 05 94
ASxxxx Assembler V02.00 + NoICE + SDCC mods  (Zilog Z80 / Hitachi HD64180), page 13.
Hexadecimal [16-Bits]



        63 0C A8 65
   6D80 08 9A 63 0C A8 65   230 .db 0x08, 0x9a, 0x63, 0x0c, 0xa8, 0x65, 0x08, 0xa8, 0x43, 0x90, 0x65, 0x0c, 0x9e, 0x63, 0x09, 0xac
        08 A8 43 90 65 0C
        9E 63 09 AC
   6D90 65 07 94 63 0C 00   231 .db 0x65, 0x07, 0x94, 0x63, 0x0c, 0x00, 0xac, 0xf7, 0x00, 0x00, 0x01, 0xac, 0x4d, 0xac, 0x75, 0x02
        AC F7 00 00 01 AC
        4D AC 75 02
   6DA0 AC 6D 05 AC 4B AC   232 .db 0xac, 0x6d, 0x05, 0xac, 0x4b, 0xac, 0x49, 0x04, 0xac, 0x6b, 0x06, 0x02, 0xac, 0x4f, 0xc4, 0x6b
        49 04 AC 6B 06 02
        AC 4F C4 6B
   6DB0 07 02 C0 6D 08 02   233 .db 0x07, 0x02, 0xc0, 0x6d, 0x08, 0x02, 0xc4, 0x6b, 0x07, 0x02, 0xac, 0x60, 0x06, 0x02, 0xa2, 0x6f
        C4 6B 07 02 AC 60
        06 02 A2 6F
   6DC0 05 A2 4D C0 6B 08   234 .db 0x05, 0xa2, 0x4d, 0xc0, 0x6b, 0x08, 0x02, 0xc0, 0x4d, 0xa8, 0x6b, 0x09, 0x02, 0xa2, 0x6d, 0x05
        02 C0 4D A8 6B 09
        02 A2 6D 05
   6DD0 02 A2 4F A2 49 02   235 .db 0x02, 0xa2, 0x4f, 0xa2, 0x49, 0x02, 0xa2, 0x6b, 0x0a
        A2 6B 0A
