ASxxxx Assembler V02.00 + NoICE + SDCC mods  (Zilog Z80 / Hitachi HD64180), page 1.
Hexadecimal [16-Bits]



                              1 ;;;
                              2 ;;; File generated by cpct_aks2c CPCtelera script
                              3 ;;; Souce file of this conversion: src/music/Smoke.sks
                              4 ;;; Generation time: jue 06 jun 2024 20:59:24 CEST
                              5 ;;;
                              6 
                              7 ;;; Set absolute memory addressing
                              8 .area __Demo (ABS)
   6000                       9 .org 0x6000
                             10 
                             11 ;;; Music data start (630 bytes)
                             12 ;;;
   6000                      13 _Demo::
   6000 41 54 31 30 01 40    14 .db 0x41, 0x54, 0x31, 0x30, 0x01, 0x40, 0x42, 0x0f, 0x02, 0x06, 0x90, 0x00, 0x18, 0x60, 0x21, 0x60
        42 0F 02 06 90 00
        18 60 21 60
   6010 34 60 3B 60 6D 60    15 .db 0x34, 0x60, 0x3b, 0x60, 0x6d, 0x60, 0x89, 0x60, 0x00, 0x00, 0x00, 0x00, 0x00, 0x00, 0x0d, 0x1a
        89 60 00 00 00 00
        00 00 0D 1A
   6020 60 01 00 34 30 2C    16 .db 0x60, 0x01, 0x00, 0x34, 0x30, 0x2c, 0x28, 0x24, 0x20, 0x1c, 0x18, 0x14, 0x10, 0x0c, 0x08, 0x04
        28 24 20 1C 18 14
        10 0C 08 04
   6030 00 0D 1A 60 01 00    17 .db 0x00, 0x0d, 0x1a, 0x60, 0x01, 0x00, 0x36, 0x03, 0x0d, 0x1a, 0x60, 0x01, 0x00, 0xbc, 0xff, 0xff
        36 03 0D 1A 60 01
        00 BC FF FF
   6040 3C B8 01 00 38 B4    18 .db 0x3c, 0xb8, 0x01, 0x00, 0x38, 0xb4, 0xff, 0xff, 0x34, 0xb0, 0x01, 0x00, 0x30, 0xac, 0xff, 0xff
        FF FF 34 B0 01 00
        30 AC FF FF
   6050 2C A8 01 00 28 A4    19 .db 0x2c, 0xa8, 0x01, 0x00, 0x28, 0xa4, 0xff, 0xff, 0x24, 0xa0, 0x01, 0x00, 0x1c, 0x98, 0xff, 0xff
        FF FF 24 A0 01 00
        1C 98 FF FF
   6060 14 90 01 00 0C 88    20 .db 0x14, 0x90, 0x01, 0x00, 0x0c, 0x88, 0xff, 0xff, 0x04, 0x00, 0x0d, 0x1a, 0x60, 0x01, 0x00, 0xa8
        FF FF 04 00 0D 1A
        60 01 00 A8
   6070 09 00 A8 06 00 A4    21 .db 0x09, 0x00, 0xa8, 0x06, 0x00, 0xa4, 0x04, 0x00, 0xa4, 0x03, 0x00, 0xa0, 0x01, 0x00, 0x20, 0x1c
        04 00 A4 03 00 A0
        01 00 20 1C
   6080 1C 18 18 14 14 14    22 .db 0x1c, 0x18, 0x18, 0x14, 0x14, 0x14, 0x0d, 0x1a, 0x60, 0x01, 0x00, 0x3c, 0x38, 0x70, 0x03, 0x68
        0D 1A 60 01 00 3C
        38 70 03 68
   6090 03 60 07 58 07 50    23 .db 0x03, 0x60, 0x07, 0x58, 0x07, 0x50, 0x0c, 0x48, 0x0c, 0x0d, 0x1a, 0x60, 0x30, 0x00, 0x00, 0x00
        0C 48 0C 0D 1A 60
        30 00 00 00
   60A0 C8 60 00 71 62 FF    24 .db 0xc8, 0x60, 0x00, 0x71, 0x62, 0xff, 0x60, 0x42, 0x61, 0x00, 0xc9, 0x60, 0xff, 0x60, 0x42, 0x61
        60 42 61 00 C9 60
        FF 60 42 61
   60B0 00 C9 60 FF 60 67    25 .db 0x00, 0xc9, 0x60, 0xff, 0x60, 0x67, 0x61, 0x00, 0x35, 0x62, 0xff, 0x60, 0x42, 0x61, 0x00, 0x89
        61 00 35 62 FF 60
        42 61 00 89
   60C0 61 FB 61 BD 61 01    26 .db 0x61, 0xfb, 0x61, 0xbd, 0x61, 0x01, 0xa2, 0x60, 0x00, 0x42, 0x80, 0x00, 0x00, 0x02, 0xba, 0x65
        A2 60 00 42 80 00
        00 02 BA 65
   60D0 01 C0 40 02 C6 41    27 .db 0x01, 0xc0, 0x40, 0x02, 0xc6, 0x41, 0xc4, 0x43, 0x04, 0xc0, 0x45, 0x04, 0xc4, 0x41, 0x02, 0xc0
        C4 43 04 C0 45 04
        C4 41 02 C0
ASxxxx Assembler V02.00 + NoICE + SDCC mods  (Zilog Z80 / Hitachi HD64180), page 2.
Hexadecimal [16-Bits]



   60E0 45 BA 40 02 C4 41    28 .db 0x45, 0xba, 0x40, 0x02, 0xc4, 0x41, 0x10, 0xba, 0x45, 0xc0, 0x40, 0x02, 0xc6, 0x41, 0xc4, 0x43
        10 BA 45 C0 40 02
        C6 41 C4 43
   60F0 04 C0 45 04 C4 41    29 .db 0x04, 0xc0, 0x45, 0x04, 0xc4, 0x41, 0x02, 0xc0, 0x45, 0xba, 0x43, 0x02, 0xba, 0x41, 0x00, 0xd2
        02 C0 45 BA 43 02
        BA 41 00 D2
   6100 E9 00 00 02 04 D2    30 .db 0xe9, 0x00, 0x00, 0x02, 0x04, 0xd2, 0x4d, 0x02, 0xd2, 0x4b, 0xd2, 0x49, 0x04, 0xd2, 0x4d, 0x02
        4D 02 D2 4B D2 49
        04 D2 4D 02
   6110 D2 4B D2 49 04 D2    31 .db 0xd2, 0x4b, 0xd2, 0x49, 0x04, 0xd2, 0x4d, 0x02, 0xd2, 0x4b, 0xd2, 0x49, 0x04, 0xd2, 0x4d, 0x02
        4D 02 D2 4B D2 49
        04 D2 4D 02
   6120 D2 4B D2 49 04 D2    32 .db 0xd2, 0x4b, 0xd2, 0x49, 0x04, 0xd2, 0x4d, 0x02, 0xd2, 0x4b, 0xd2, 0x49, 0x04, 0xd2, 0x4d, 0x02
        4D 02 D2 4B D2 49
        04 D2 4D 02
   6130 D2 4B D2 49 04 D2    33 .db 0xd2, 0x4b, 0xd2, 0x49, 0x04, 0xd2, 0x4d, 0x02, 0xd2, 0x4b, 0xd2, 0x49, 0x04, 0xd2, 0x4d, 0x02
        4D 02 D2 4B D2 49
        04 D2 4D 02
   6140 D2 4B 8A E5 00 00    34 .db 0xd2, 0x4b, 0x8a, 0xe5, 0x00, 0x00, 0x01, 0x0a, 0x90, 0x40, 0x0a, 0x8a, 0x40, 0x0a, 0x80, 0x40
        01 0A 90 40 0A 8A
        40 0A 80 40
   6150 02 80 40 86 43 04    35 .db 0x02, 0x80, 0x40, 0x86, 0x43, 0x04, 0x8a, 0x45, 0x0a, 0x90, 0x40, 0x0a, 0x8a, 0x40, 0x0a, 0x80
        8A 45 0A 90 40 0A
        8A 40 0A 80
   6160 40 02 80 43 86 41    36 .db 0x40, 0x02, 0x80, 0x43, 0x86, 0x41, 0x00, 0x82, 0xe5, 0x00, 0x00, 0x01, 0x0a, 0x78, 0x40, 0x0a
        00 82 E5 00 00 01
        0A 78 40 0A
   6170 82 40 0A 78 40 02    37 .db 0x82, 0x40, 0x0a, 0x78, 0x40, 0x02, 0x78, 0x40, 0x7e, 0x43, 0x04, 0x82, 0x45, 0x0a, 0x78, 0x40
        78 40 7E 43 04 82
        45 0A 78 40
   6180 0A 82 40 0E 80 43    38 .db 0x0a, 0x82, 0x40, 0x0e, 0x80, 0x43, 0x86, 0x41, 0x00, 0xba, 0xe3, 0x00, 0x00, 0x03, 0x04, 0xc4
        86 41 00 BA E3 00
        00 03 04 C4
   6190 40 04 C0 40 04 BA    39 .db 0x40, 0x04, 0xc0, 0x40, 0x04, 0xba, 0x40, 0x04, 0xb6, 0x40, 0x04, 0xb0, 0x40, 0x04, 0xac, 0x40
        40 04 B6 40 04 B0
        40 04 AC 40
   61A0 02 A8 45 AC 43 02    40 .db 0x02, 0xa8, 0x45, 0xac, 0x43, 0x02, 0xae, 0x45, 0xac, 0x43, 0x02, 0xa8, 0x45, 0xa2, 0x43, 0x02
        AE 45 AC 43 02 A8
        45 A2 43 02
   61B0 A2 40 10 BA EB FE    41 .db 0xa2, 0x40, 0x10, 0xba, 0xeb, 0xfe, 0xff, 0x01, 0xc6, 0xc7, 0x00, 0x00, 0x00, 0x8a, 0xe5, 0x00
        FF 01 C6 C7 00 00
        00 8A E5 00
   61C0 00 03 04 C4 6B 04    42 .db 0x00, 0x03, 0x04, 0xc4, 0x6b, 0x04, 0x02, 0xc4, 0x60, 0x05, 0x82, 0x65, 0x03, 0x04, 0xba, 0x6b
        02 C4 60 05 82 65
        03 04 BA 6B
   61D0 04 02 BA 60 05 78    43 .db 0x04, 0x02, 0xba, 0x60, 0x05, 0x78, 0x65, 0x03, 0x04, 0xb0, 0x6b, 0x04, 0x02, 0xb0, 0x60, 0x05
        65 03 04 B0 6B 04
        02 B0 60 05
   61E0 7C 65 03 04 AC 6B    44 .db 0x7c, 0x65, 0x03, 0x04, 0xac, 0x6b, 0x04, 0x02, 0xae, 0x60, 0x05, 0x86, 0x65, 0x03, 0x04, 0xa2
        04 02 AE 60 05 86
        65 03 04 A2
   61F0 6B 04 02 8A 65 03    45 .db 0x6b, 0x04, 0x02, 0x8a, 0x65, 0x03, 0x12, 0xd2, 0x67, 0x01, 0x00, 0x98, 0xe5, 0x00, 0x00, 0x03
        12 D2 67 01 00 98
        E5 00 00 03
   6200 04 D2 6B 02 02 D2    46 .db 0x04, 0xd2, 0x6b, 0x02, 0x02, 0xd2, 0x49, 0x90, 0x65, 0x03, 0x04, 0xd2, 0x6b, 0x02, 0x02, 0xd2
ASxxxx Assembler V02.00 + NoICE + SDCC mods  (Zilog Z80 / Hitachi HD64180), page 3.
Hexadecimal [16-Bits]



        49 90 65 03 04 D2
        6B 02 02 D2
   6210 49 86 65 03 04 D2    47 .db 0x49, 0x86, 0x65, 0x03, 0x04, 0xd2, 0x6b, 0x02, 0x02, 0xd2, 0x49, 0x8a, 0x65, 0x03, 0x04, 0xd2
        6B 02 02 D2 49 8A
        65 03 04 D2
   6220 6B 02 02 D2 49 94    48 .db 0x6b, 0x02, 0x02, 0xd2, 0x49, 0x94, 0x65, 0x03, 0x04, 0xd2, 0x6b, 0x02, 0x02, 0x98, 0x65, 0x03
        65 03 04 D2 6B 02
        02 98 65 03
   6230 12 C8 67 01 00 42    49 .db 0x12, 0xc8, 0x67, 0x01, 0x00, 0x42, 0x80, 0x00, 0x00, 0x02, 0xba, 0x65, 0x01, 0xc0, 0x40, 0x02
        80 00 00 02 BA 65
        01 C0 40 02
   6240 C6 41 C4 43 04 C0    50 .db 0xc6, 0x41, 0xc4, 0x43, 0x04, 0xc0, 0x45, 0x04, 0xc4, 0x41, 0x02, 0xc0, 0x45, 0xba, 0x40, 0x02
        45 04 C4 41 02 C0
        45 BA 40 02
   6250 C4 41 10 BA 45 C0    51 .db 0xc4, 0x41, 0x10, 0xba, 0x45, 0xc0, 0x40, 0x02, 0xc6, 0x41, 0xc4, 0x43, 0x04, 0xc0, 0x45, 0x04
        40 02 C6 41 C4 43
        04 C0 45 04
   6260 C4 41 02 C0 45 BA    52 .db 0xc4, 0x41, 0x02, 0xc0, 0x45, 0xba, 0x43, 0x02, 0xba, 0x41, 0x04, 0xb0, 0x67, 0x03, 0xb6, 0x45
        43 02 BA 41 04 B0
        67 03 B6 45
   6270 00 42 80 00 00 00    53 .db 0x00, 0x42, 0x80, 0x00, 0x00, 0x00
