                              1 ;--------------------------------------------------------
                              2 ; File Created by SDCC : free open source ANSI-C Compiler
                              3 ; Version 3.6.8 #9946 (Linux)
                              4 ;--------------------------------------------------------
                              5 	.module marcador
                              6 	.optsdcc -mz80
                              7 	
                              8 ;--------------------------------------------------------
                              9 ; Public variables in this module
                             10 ;--------------------------------------------------------
                             11 	.globl _pinta_puntos
                             12 	.globl _pinta_marcador
                             13 	.globl _cpct_setPALColour
                             14 	.globl _cpct_drawStringM2
                             15 	.globl _cpct_drawCharM2
                             16 	.globl _puntos
                             17 ;--------------------------------------------------------
                             18 ; special function registers
                             19 ;--------------------------------------------------------
                             20 ;--------------------------------------------------------
                             21 ; ram data
                             22 ;--------------------------------------------------------
                             23 	.area _DATA
   0000                      24 _puntos::
   0000                      25 	.ds 1
                             26 ;--------------------------------------------------------
                             27 ; ram data
                             28 ;--------------------------------------------------------
                             29 	.area _INITIALIZED
                             30 ;--------------------------------------------------------
                             31 ; absolute external ram data
                             32 ;--------------------------------------------------------
                             33 	.area _DABS (ABS)
                             34 ;--------------------------------------------------------
                             35 ; global & static initialisations
                             36 ;--------------------------------------------------------
                             37 	.area _HOME
                             38 	.area _GSINIT
                             39 	.area _GSFINAL
                             40 	.area _GSINIT
                             41 ;--------------------------------------------------------
                             42 ; Home
                             43 ;--------------------------------------------------------
                             44 	.area _HOME
                             45 	.area _HOME
                             46 ;--------------------------------------------------------
                             47 ; code
                             48 ;--------------------------------------------------------
                             49 	.area _CODE
                             50 ;src/sistemas/marcador.c:4: void pinta_marcador(){
                             51 ;	---------------------------------
                             52 ; Function pinta_marcador
                             53 ; ---------------------------------
   0000                      54 _pinta_marcador::
                             55 ;src/sistemas/marcador.c:5: cpct_setPALColour (0, 1);
   0000 21 00 01      [10]   56 	ld	hl, #0x0100
   0003 E5            [11]   57 	push	hl
   0004 CDr00r00      [17]   58 	call	_cpct_setPALColour
                             59 ;src/sistemas/marcador.c:7: cpct_setPALColour (1, 2);
   0007 21 01 02      [10]   60 	ld	hl, #0x0201
   000A E5            [11]   61 	push	hl
   000B CDr00r00      [17]   62 	call	_cpct_setPALColour
                             63 ;src/sistemas/marcador.c:9: cpct_drawStringM2("Puntos",0xc780); 
   000E 21 80 C7      [10]   64 	ld	hl, #0xc780
   0011 E5            [11]   65 	push	hl
   0012 21r1Ar00      [10]   66 	ld	hl, #___str_0
   0015 E5            [11]   67 	push	hl
   0016 CDr00r00      [17]   68 	call	_cpct_drawStringM2
   0019 C9            [10]   69 	ret
   001A                      70 ___str_0:
   001A 50 75 6E 74 6F 73    71 	.ascii "Puntos"
   0020 00                   72 	.db 0x00
                             73 ;src/sistemas/marcador.c:12: void pinta_puntos(){
                             74 ;	---------------------------------
                             75 ; Function pinta_puntos
                             76 ; ---------------------------------
   0021                      77 _pinta_puntos::
                             78 ;src/sistemas/marcador.c:13: cpct_setPALColour (0, 1);
   0021 21 00 01      [10]   79 	ld	hl, #0x0100
   0024 E5            [11]   80 	push	hl
   0025 CDr00r00      [17]   81 	call	_cpct_setPALColour
                             82 ;src/sistemas/marcador.c:14: cpct_setPALColour (1, 2);
   0028 21 01 02      [10]   83 	ld	hl, #0x0201
   002B E5            [11]   84 	push	hl
   002C CDr00r00      [17]   85 	call	_cpct_setPALColour
                             86 ;src/sistemas/marcador.c:15: cpct_drawCharM2(0xc78a,puntos_decena);
   002F 21r00r00      [10]   87 	ld	hl,#_puntos_decena + 0
   0032 4E            [ 7]   88 	ld	c, (hl)
   0033 06 00         [ 7]   89 	ld	b, #0x00
   0035 C5            [11]   90 	push	bc
   0036 21 8A C7      [10]   91 	ld	hl, #0xc78a
   0039 E5            [11]   92 	push	hl
   003A CDr00r00      [17]   93 	call	_cpct_drawCharM2
                             94 ;src/sistemas/marcador.c:16: cpct_drawCharM2(0xc78a+1,puntos);
   003D 21r00r00      [10]   95 	ld	hl,#_puntos + 0
   0040 4E            [ 7]   96 	ld	c, (hl)
   0041 06 00         [ 7]   97 	ld	b, #0x00
   0043 C5            [11]   98 	push	bc
   0044 21 8B C7      [10]   99 	ld	hl, #0xc78b
   0047 E5            [11]  100 	push	hl
   0048 CDr00r00      [17]  101 	call	_cpct_drawCharM2
   004B C9            [10]  102 	ret
                            103 	.area _CODE
                            104 	.area _INITIALIZER
                            105 	.area _CABS (ABS)
