                              1 ;--------------------------------------------------------
                              2 ; File Created by SDCC : free open source ANSI-C Compiler
                              3 ; Version 3.6.8 #9946 (Linux)
                              4 ;--------------------------------------------------------
                              5 	.module definiciones
                              6 	.optsdcc -mz80
                              7 	
                              8 ;--------------------------------------------------------
                              9 ; Public variables in this module
                             10 ;--------------------------------------------------------
                             11 	.globl _iniciar_valores
                             12 	.globl _y_start_manzana
                             13 	.globl _x_start_manzana
                             14 	.globl _y_start_jugador
                             15 	.globl _x_start_jugador
                             16 	.globl _y_frame_4
                             17 	.globl _y_frame_3
                             18 	.globl _y_frame_2
                             19 	.globl _y_frame_1
                             20 	.globl _vx_manzana
                             21 	.globl _spr_manzana
                             22 	.globl _y_manzana
                             23 	.globl _x_manzana
                             24 	.globl _vx_pera
                             25 	.globl _spr_pera
                             26 	.globl _y_pera
                             27 	.globl _x_pera
                             28 	.globl _vy_jug
                             29 	.globl _spr_jugador
                             30 	.globl _y_jugador
                             31 	.globl _x_jugador
                             32 ;--------------------------------------------------------
                             33 ; special function registers
                             34 ;--------------------------------------------------------
                             35 ;--------------------------------------------------------
                             36 ; ram data
                             37 ;--------------------------------------------------------
                             38 	.area _DATA
   0000                      39 _x_jugador::
   0000                      40 	.ds 1
   0001                      41 _y_jugador::
   0001                      42 	.ds 1
   0002                      43 _spr_jugador::
   0002                      44 	.ds 2
   0004                      45 _vy_jug::
   0004                      46 	.ds 1
   0005                      47 _x_pera::
   0005                      48 	.ds 1
   0006                      49 _y_pera::
   0006                      50 	.ds 1
   0007                      51 _spr_pera::
   0007                      52 	.ds 2
   0009                      53 _vx_pera::
   0009                      54 	.ds 1
   000A                      55 _x_manzana::
   000A                      56 	.ds 1
   000B                      57 _y_manzana::
   000B                      58 	.ds 1
   000C                      59 _spr_manzana::
   000C                      60 	.ds 2
   000E                      61 _vx_manzana::
   000E                      62 	.ds 1
   000F                      63 _y_frame_1::
   000F                      64 	.ds 1
   0010                      65 _y_frame_2::
   0010                      66 	.ds 1
   0011                      67 _y_frame_3::
   0011                      68 	.ds 1
   0012                      69 _y_frame_4::
   0012                      70 	.ds 1
   0013                      71 _x_start_jugador::
   0013                      72 	.ds 1
   0014                      73 _y_start_jugador::
   0014                      74 	.ds 1
   0015                      75 _x_start_manzana::
   0015                      76 	.ds 1
   0016                      77 _y_start_manzana::
   0016                      78 	.ds 1
                             79 ;--------------------------------------------------------
                             80 ; ram data
                             81 ;--------------------------------------------------------
                             82 	.area _INITIALIZED
                             83 ;--------------------------------------------------------
                             84 ; absolute external ram data
                             85 ;--------------------------------------------------------
                             86 	.area _DABS (ABS)
                             87 ;--------------------------------------------------------
                             88 ; global & static initialisations
                             89 ;--------------------------------------------------------
                             90 	.area _HOME
                             91 	.area _GSINIT
                             92 	.area _GSFINAL
                             93 	.area _GSINIT
                             94 ;--------------------------------------------------------
                             95 ; Home
                             96 ;--------------------------------------------------------
                             97 	.area _HOME
                             98 	.area _HOME
                             99 ;--------------------------------------------------------
                            100 ; code
                            101 ;--------------------------------------------------------
                            102 	.area _CODE
                            103 ;src/definiciones.c:20: void iniciar_valores(){
                            104 ;	---------------------------------
                            105 ; Function iniciar_valores
                            106 ; ---------------------------------
   0000                     107 _iniciar_valores::
                            108 ;src/definiciones.c:21: y_frame_1   =   20;
   0000 21r0Fr00      [10]  109 	ld	hl,#_y_frame_1 + 0
   0003 36 14         [10]  110 	ld	(hl), #0x14
                            111 ;src/definiciones.c:22: y_frame_2   =   70;
   0005 21r10r00      [10]  112 	ld	hl,#_y_frame_2 + 0
   0008 36 46         [10]  113 	ld	(hl), #0x46
                            114 ;src/definiciones.c:23: y_frame_3   =   120;
   000A 21r11r00      [10]  115 	ld	hl,#_y_frame_3 + 0
   000D 36 78         [10]  116 	ld	(hl), #0x78
                            117 ;src/definiciones.c:24: y_frame_4   =   170;
   000F 21r12r00      [10]  118 	ld	hl,#_y_frame_4 + 0
   0012 36 AA         [10]  119 	ld	(hl), #0xaa
                            120 ;src/definiciones.c:25: x_start_jugador =   10;
   0014 21r13r00      [10]  121 	ld	hl,#_x_start_jugador + 0
   0017 36 0A         [10]  122 	ld	(hl), #0x0a
                            123 ;src/definiciones.c:26: y_start_jugador =   y_frame_1;
   0019 21r14r00      [10]  124 	ld	hl,#_y_start_jugador + 0
   001C 36 14         [10]  125 	ld	(hl), #0x14
                            126 ;src/definiciones.c:28: x_jugador=x_start_jugador;
   001E 21r00r00      [10]  127 	ld	hl,#_x_jugador + 0
   0021 36 0A         [10]  128 	ld	(hl), #0x0a
                            129 ;src/definiciones.c:29: y_jugador=20;
   0023 21r01r00      [10]  130 	ld	hl,#_y_jugador + 0
   0026 36 14         [10]  131 	ld	(hl), #0x14
                            132 ;src/definiciones.c:30: vy_jug  =   0;
   0028 21r04r00      [10]  133 	ld	hl,#_vy_jug + 0
   002B 36 00         [10]  134 	ld	(hl), #0x00
                            135 ;src/definiciones.c:31: x_manzana=30;
   002D 21r0Ar00      [10]  136 	ld	hl,#_x_manzana + 0
   0030 36 1E         [10]  137 	ld	(hl), #0x1e
                            138 ;src/definiciones.c:32: y_manzana=y_frame_1;
   0032 21r0Br00      [10]  139 	ld	hl,#_y_manzana + 0
   0035 36 14         [10]  140 	ld	(hl), #0x14
   0037 C9            [10]  141 	ret
                            142 	.area _CODE
                            143 	.area _INITIALIZER
                            144 	.area _CABS (ABS)
