                              1 ;--------------------------------------------------------
                              2 ; File Created by SDCC : free open source ANSI-C Compiler
                              3 ; Version 3.6.8 #9946 (Linux)
                              4 ;--------------------------------------------------------
                              5 	.module marcador
                              6 	.optsdcc -mz80
                              7 	
                              8 ;--------------------------------------------------------
                              9 ; Public variables in this module
                             10 ;--------------------------------------------------------
                             11 	.globl _pinta_marcador
                             12 	.globl _cpct_drawStringM2
                             13 ;--------------------------------------------------------
                             14 ; special function registers
                             15 ;--------------------------------------------------------
                             16 ;--------------------------------------------------------
                             17 ; ram data
                             18 ;--------------------------------------------------------
                             19 	.area _DATA
                             20 ;--------------------------------------------------------
                             21 ; ram data
                             22 ;--------------------------------------------------------
                             23 	.area _INITIALIZED
                             24 ;--------------------------------------------------------
                             25 ; absolute external ram data
                             26 ;--------------------------------------------------------
                             27 	.area _DABS (ABS)
                             28 ;--------------------------------------------------------
                             29 ; global & static initialisations
                             30 ;--------------------------------------------------------
                             31 	.area _HOME
                             32 	.area _GSINIT
                             33 	.area _GSFINAL
                             34 	.area _GSINIT
                             35 ;--------------------------------------------------------
                             36 ; Home
                             37 ;--------------------------------------------------------
                             38 	.area _HOME
                             39 	.area _HOME
                             40 ;--------------------------------------------------------
                             41 ; code
                             42 ;--------------------------------------------------------
                             43 	.area _CODE
                             44 ;src/marcador.c:2: void pinta_marcador(){
                             45 ;	---------------------------------
                             46 ; Function pinta_marcador
                             47 ; ---------------------------------
   0000                      48 _pinta_marcador::
                             49 ;src/marcador.c:4: cpct_drawStringM2("Puntos 0",0xc780);
   0000 21 80 C7      [10]   50 	ld	hl, #0xc780
   0003 E5            [11]   51 	push	hl
   0004 21r0Cr00      [10]   52 	ld	hl, #___str_0
   0007 E5            [11]   53 	push	hl
   0008 CDr00r00      [17]   54 	call	_cpct_drawStringM2
   000B C9            [10]   55 	ret
   000C                      56 ___str_0:
   000C 50 75 6E 74 6F 73    57 	.ascii "Puntos 0"
        20 30
   0014 00                   58 	.db 0x00
                             59 	.area _CODE
                             60 	.area _INITIALIZER
                             61 	.area _CABS (ABS)
