                              1 ;--------------------------------------------------------
                              2 ; File Created by SDCC : free open source ANSI-C Compiler
                              3 ; Version 3.6.8 #9946 (Linux)
                              4 ;--------------------------------------------------------
                              5 	.module structs
                              6 	.optsdcc -mz80
                              7 	
                              8 ;--------------------------------------------------------
                              9 ; Public variables in this module
                             10 ;--------------------------------------------------------
                             11 	.globl _init_jugador
                             12 	.globl _init_pera
                             13 	.globl _init_manzana
                             14 	.globl _ent_pera
                             15 	.globl _ent_manzana
                             16 	.globl _ent_jugador
                             17 ;--------------------------------------------------------
                             18 ; special function registers
                             19 ;--------------------------------------------------------
                             20 ;--------------------------------------------------------
                             21 ; ram data
                             22 ;--------------------------------------------------------
                             23 	.area _DATA
   0000                      24 _ent_jugador::
   0000                      25 	.ds 6
   0006                      26 _ent_manzana::
   0006                      27 	.ds 6
   000C                      28 _ent_pera::
   000C                      29 	.ds 6
   0012                      30 _init_manzana::
   0012                      31 	.ds 6
   0018                      32 _init_pera::
   0018                      33 	.ds 6
                             34 ;--------------------------------------------------------
                             35 ; ram data
                             36 ;--------------------------------------------------------
                             37 	.area _INITIALIZED
   0000                      38 _init_jugador::
   0000                      39 	.ds 6
                             40 ;--------------------------------------------------------
                             41 ; absolute external ram data
                             42 ;--------------------------------------------------------
                             43 	.area _DABS (ABS)
                             44 ;--------------------------------------------------------
                             45 ; global & static initialisations
                             46 ;--------------------------------------------------------
                             47 	.area _HOME
                             48 	.area _GSINIT
                             49 	.area _GSFINAL
                             50 	.area _GSINIT
                             51 ;--------------------------------------------------------
                             52 ; Home
                             53 ;--------------------------------------------------------
                             54 	.area _HOME
                             55 	.area _HOME
                             56 ;--------------------------------------------------------
                             57 ; code
                             58 ;--------------------------------------------------------
                             59 	.area _CODE
                             60 	.area _CODE
                             61 	.area _INITIALIZER
   0000                      62 __xinit__init_jugador:
   0000 0A                   63 	.db #0x0a	; 10
   0001 14                   64 	.db #0x14	; 20
   0002 00                   65 	.db #0x00	; 0
   0003 00                   66 	.db #0x00	; 0
   0004r00r00                67 	.dw _derecha
                             68 	.area _CABS (ABS)
